[INFO ] 2025-01-02 08:13:59.092 [main] RegisterTest - --------------Started-------------------
[INFO ] 2025-01-02 08:14:41.736 [main] LoginTestValidCred - --------------Started-------------------
[INFO ] 2025-01-02 08:14:45.720 [main] LoginTestValidCred - --------------FINISHED-------------------
[INFO ] 2025-01-02 08:14:52.442 [main] LoginTestInvalidCred - --------------Started-------------------
[INFO ] 2025-01-02 08:14:54.929 [main] LoginTestInvalidCred - --------------FINISHED-------------------
[INFO ] 2025-01-02 08:15:10.972 [main] LogoutTest - --------------Started-------------------
[INFO ] 2025-01-02 08:15:43.617 [main] RegisterExistingUser - --------------Started-------------------
[INFO ] 2025-01-02 08:15:46.878 [main] RegisterExistingUser - --------------FINISHED-------------------
[INFO ] 2025-01-02 08:15:54.441 [main] ContactusTest - --------------Started-------------------
[INFO ] 2025-01-02 08:16:12.491 [main] ContactusTest - --------------FINISHED-------------------
[INFO ] 2025-01-02 08:16:41.402 [main] ProductTest_SearchBox - --------------Started-------------------
[INFO ] 2025-01-02 08:16:53.946 [main] ProductTest_SearchBox - --------------FINISHED-------------------
[INFO ] 2025-01-02 08:17:02.519 [main] SubscriptionTest - --------------Started-------------------
[INFO ] 2025-01-02 08:17:04.819 [main] SubscriptionTest - --------------FINISHED-------------------
[INFO ] 2025-01-02 08:17:11.506 [main] SubscriptionCartTest - --------------Started-------------------
[INFO ] 2025-01-02 08:17:14.966 [main] SubscriptionCartTest - --------------FINISHED-------------------
[INFO ] 2025-01-02 08:17:22.989 [main] RegisterTest - --------------Started-------------------
[INFO ] 2025-01-02 09:34:58.165 [main] Utils - [TestNG] Running:
  D:\Selenium Project\E2EFramwork\testng.xml

[INFO ] 2025-01-02 09:35:07.205 [main] Utils - [TestNG] Running:
  C:\Users\apoor\AppData\Local\JetBrains\IdeaIC2023.2\temp-testng-customsuite.xml

[INFO ] 2025-01-02 09:55:11.445 [main] Utils - [TestNG] Running:
  C:\Users\apoor\AppData\Local\JetBrains\IdeaIC2023.2\temp-testng-customsuite.xml

[INFO ] 2025-01-02 12:08:00.893 [main] Utils - [TestNG] Running:
  C:\Users\apoor\AppData\Local\JetBrains\IdeaIC2023.2\temp-testng-customsuite.xml

[INFO ] 2025-01-02 12:08:57.629 [main] Utils - [TestNG] Running:
  C:\Users\apoor\AppData\Local\JetBrains\IdeaIC2023.2\temp-testng-customsuite.xml

[INFO ] 2025-01-02 12:16:51.767 [main] Utils - [TestNG] Running:
  C:\Users\apoor\AppData\Local\JetBrains\IdeaIC2023.2\temp-testng-customsuite.xml

[INFO ] 2025-01-02 17:14:07.749 [main] Utils - [Utils] MethodGroupsHelper.collectMethodsByGroup() took 2 ms.
[INFO ] 2025-01-02 17:14:07.759 [main] Utils - [Utils] MethodGroupsHelper.sortMethods() took 2 ms.
[INFO ] 2025-01-02 17:14:07.762 [main] Utils - [Utils] MethodGroupsHelper.collectMethodsByGroup() took 0 ms.
[INFO ] 2025-01-02 17:14:07.762 [main] Utils - [Utils] MethodGroupsHelper.sortMethods() took 0 ms.
[INFO ] 2025-01-02 17:14:07.762 [main] Utils - [Utils] MethodGroupsHelper.collectMethodsByGroup() took 0 ms.
[INFO ] 2025-01-02 17:14:07.762 [main] Utils - [Utils] MethodGroupsHelper.sortMethods() took 0 ms.
[INFO ] 2025-01-02 17:14:07.763 [main] Utils - [Utils] MethodGroupsHelper.collectMethodsByGroup() took 0 ms.
[INFO ] 2025-01-02 17:14:07.763 [main] Utils - [Utils] MethodGroupsHelper.sortMethods() took 0 ms.
[INFO ] 2025-01-02 17:14:07.764 [main] Utils - [Utils] MethodGroupsHelper.collectMethodsByGroup() took 0 ms.
[INFO ] 2025-01-02 17:14:07.764 [main] Utils - [Utils] MethodGroupsHelper.sortMethods() took 0 ms.
[INFO ] 2025-01-02 17:14:07.765 [main] Utils - [Utils] MethodGroupsHelper.collectMethodsByGroup() took 0 ms.
[INFO ] 2025-01-02 17:14:07.765 [main] Utils - [Utils] MethodGroupsHelper.sortMethods() took 0 ms.
[INFO ] 2025-01-02 17:14:07.766 [main] Utils - [Utils] MethodGroupsHelper.collectMethodsByGroup() took 0 ms.
[INFO ] 2025-01-02 17:14:07.766 [main] Utils - [Utils] MethodGroupsHelper.sortMethods() took 0 ms.
[INFO ] 2025-01-02 17:14:07.766 [main] Utils - [Utils] MethodGroupsHelper.collectMethodsByGroup() took 0 ms.
[INFO ] 2025-01-02 17:14:07.767 [main] Utils - [Utils] MethodGroupsHelper.sortMethods() took 0 ms.
[INFO ] 2025-01-02 17:14:07.773 [main] Utils - [Utils] MethodGroupsHelper.collectMethodsByGroup() took 0 ms.
[INFO ] 2025-01-02 17:14:07.773 [main] Utils - [Utils] MethodGroupsHelper.sortMethods() took 0 ms.
[INFO ] 2025-01-02 17:14:07.785 [main] Utils - [Utils] MethodGroupsHelper.collectMethodsByGroup() took 9 ms.
[INFO ] 2025-01-02 17:14:07.801 [main] Utils - [Utils] MethodGroupsHelper.sortMethods() took 15 ms.
[INFO ] 2025-01-02 17:14:07.806 [main] Utils - [Utils] MethodGroupsHelper.collectMethodsByGroup() took 0 ms.
[INFO ] 2025-01-02 17:14:07.807 [main] Utils - [Utils] MethodGroupsHelper.sortMethods() took 0 ms.
[INFO ] 2025-01-02 17:14:07.807 [main] Utils - [Utils] MethodGroupsHelper.collectMethodsByGroup() took 0 ms.
[INFO ] 2025-01-02 17:14:07.807 [main] Utils - [Utils] MethodGroupsHelper.sortMethods() took 0 ms.
[INFO ] 2025-01-02 17:14:07.809 [main] Utils - [Utils] MethodGroupsHelper.collectMethodsByGroup() took 0 ms.
[INFO ] 2025-01-02 17:14:07.809 [main] Utils - [Utils] MethodGroupsHelper.sortMethods() took 0 ms.
[INFO ] 2025-01-02 17:14:07.811 [main] Utils - [Utils] MethodGroupsHelper.collectMethodsByGroup() took 0 ms.
[INFO ] 2025-01-02 17:14:07.811 [main] Utils - [Utils] MethodGroupsHelper.sortMethods() took 0 ms.
[INFO ] 2025-01-02 17:14:07.812 [main] Utils - [Utils] MethodGroupsHelper.collectMethodsByGroup() took 0 ms.
[INFO ] 2025-01-02 17:14:07.812 [main] Utils - [Utils] MethodGroupsHelper.sortMethods() took 0 ms.
[INFO ] 2025-01-02 17:14:07.858 [main] Utils - [Utils] DynamicGraphHelper.createDynamicGraph() took 7 ms.
[INFO ] 2025-01-02 17:14:25.099 [main] Utils - [TestNG] Time taken by org.testng.reporters.jq.Main@5fbae40: 135 ms
[INFO ] 2025-01-02 17:14:25.099 [main] Utils - [TestNG] Time taken by org.testng.reporters.FailedReporter@2c08c787: 0 ms
[INFO ] 2025-01-02 17:14:25.110 [main] Utils - [TestNG] Time taken by org.testng.reporters.XMLReporter@448086ab: 11 ms
[INFO ] 2025-01-02 17:14:25.124 [main] Utils - [TestNG] Time taken by org.testng.reporters.EmailableReporter2@37806be6: 14 ms
[INFO ] 2025-01-02 17:14:25.124 [main] Utils - [TestNG] Time taken by org.testng.reporters.JUnitReportReporter@3c71cf3e: 0 ms
[INFO ] 2025-01-02 17:14:25.124 [main] Utils - [TestNG] Time taken by org.testng.internal.ExitCodeListener@636e4bf8: 0 ms
[INFO ] 2025-01-02 17:18:05.389 [main] RegisterTest - --------------Started-------------------
[INFO ] 2025-01-02 17:18:18.851 [main] RegisterTest - --------------FINISHED-------------------
[INFO ] 2025-01-02 17:18:51.701 [main] LoginTestValidCred - --------------Started-------------------
[INFO ] 2025-01-02 17:19:10.245 [main] LoginTestValidCred - --------------FINISHED-------------------
[INFO ] 2025-01-02 17:19:27.604 [main] LoginTestInvalidCred - --------------Started-------------------
[INFO ] 2025-01-02 17:19:37.320 [main] LoginTestInvalidCred - --------------FINISHED-------------------
[INFO ] 2025-01-02 17:20:09.835 [main] LogoutTest - --------------Started-------------------
[INFO ] 2025-01-02 17:20:17.974 [main] LogoutTest - --------------FINISHED-------------------
[INFO ] 2025-01-02 17:20:37.561 [main] RegisterExistingUser - --------------Started-------------------
[INFO ] 2025-01-02 17:20:41.867 [main] RegisterExistingUser - --------------FINISHED-------------------
[INFO ] 2025-01-02 17:21:04.854 [main] ContactusTest - --------------Started-------------------
[INFO ] 2025-01-02 17:21:24.713 [main] ContactusTest - --------------FINISHED-------------------
[INFO ] 2025-01-02 17:22:03.898 [main] ProductTest_SearchBox - --------------Started-------------------
[INFO ] 2025-01-02 17:22:08.581 [main] ProductTest_SearchBox - --------------FINISHED-------------------
[INFO ] 2025-01-02 17:22:22.963 [main] SubscriptionTest - --------------Started-------------------
[INFO ] 2025-01-02 17:22:25.439 [main] SubscriptionTest - --------------FINISHED-------------------
[INFO ] 2025-01-02 17:22:45.373 [main] SubscriptionCartTest - --------------Started-------------------
[INFO ] 2025-01-02 17:22:49.036 [main] SubscriptionCartTest - --------------FINISHED-------------------
[INFO ] 2025-01-02 17:22:58.218 [main] RegisterTest - --------------Started-------------------
[INFO ] 2025-01-02 17:23:17.791 [main] RegisterTest - --------------FINISHED-------------------
