[INFO ] 2024-12-31 02:28:50.519 [main] Utils - [Utils] MethodGroupsHelper.collectMethodsByGroup() took 1 ms.
[INFO ] 2024-12-31 02:28:50.525 [main] Utils - [Utils] MethodGroupsHelper.sortMethods() took 2 ms.
[INFO ] 2024-12-31 02:28:50.527 [main] Utils - [Utils] MethodGroupsHelper.collectMethodsByGroup() took 0 ms.
[INFO ] 2024-12-31 02:28:50.527 [main] Utils - [Utils] MethodGroupsHelper.sortMethods() took 0 ms.
[INFO ] 2024-12-31 02:28:50.527 [main] Utils - [Utils] MethodGroupsHelper.collectMethodsByGroup() took 0 ms.
[INFO ] 2024-12-31 02:28:50.527 [main] Utils - [Utils] MethodGroupsHelper.sortMethods() took 0 ms.
[INFO ] 2024-12-31 02:28:50.527 [main] Utils - [Utils] MethodGroupsHelper.collectMethodsByGroup() took 0 ms.
[INFO ] 2024-12-31 02:28:50.528 [main] Utils - [Utils] MethodGroupsHelper.sortMethods() took 0 ms.
[INFO ] 2024-12-31 02:28:50.536 [main] Utils - [Utils] MethodGroupsHelper.collectMethodsByGroup() took 7 ms.
[INFO ] 2024-12-31 02:28:50.547 [main] Utils - [Utils] MethodGroupsHelper.sortMethods() took 9 ms.
[INFO ] 2024-12-31 02:28:50.548 [main] Utils - [Utils] MethodGroupsHelper.collectMethodsByGroup() took 0 ms.
[INFO ] 2024-12-31 02:28:50.548 [main] Utils - [Utils] MethodGroupsHelper.sortMethods() took 0 ms.
[INFO ] 2024-12-31 02:28:50.549 [main] Utils - [Utils] MethodGroupsHelper.collectMethodsByGroup() took 0 ms.
[INFO ] 2024-12-31 02:28:50.549 [main] Utils - [Utils] MethodGroupsHelper.sortMethods() took 0 ms.
[INFO ] 2024-12-31 02:28:50.550 [main] Utils - [Utils] MethodGroupsHelper.collectMethodsByGroup() took 0 ms.
[INFO ] 2024-12-31 02:28:50.550 [main] Utils - [Utils] MethodGroupsHelper.sortMethods() took 0 ms.
[INFO ] 2024-12-31 02:28:50.551 [main] Utils - [Utils] MethodGroupsHelper.collectMethodsByGroup() took 0 ms.
[INFO ] 2024-12-31 02:28:50.551 [main] Utils - [Utils] MethodGroupsHelper.sortMethods() took 0 ms.
[INFO ] 2024-12-31 02:28:50.552 [main] Utils - [Utils] MethodGroupsHelper.collectMethodsByGroup() took 0 ms.
[INFO ] 2024-12-31 02:28:50.552 [main] Utils - [Utils] MethodGroupsHelper.sortMethods() took 0 ms.
[INFO ] 2024-12-31 02:28:50.553 [main] Utils - [Utils] MethodGroupsHelper.collectMethodsByGroup() took 0 ms.
[INFO ] 2024-12-31 02:28:50.554 [main] Utils - [Utils] MethodGroupsHelper.sortMethods() took 0 ms.
[INFO ] 2024-12-31 02:28:50.554 [main] Utils - [Utils] MethodGroupsHelper.collectMethodsByGroup() took 0 ms.
[INFO ] 2024-12-31 02:28:50.554 [main] Utils - [Utils] MethodGroupsHelper.sortMethods() took 0 ms.
[INFO ] 2024-12-31 02:28:50.554 [main] Utils - [Utils] MethodGroupsHelper.collectMethodsByGroup() took 0 ms.
[INFO ] 2024-12-31 02:28:50.554 [main] Utils - [Utils] MethodGroupsHelper.sortMethods() took 0 ms.
[INFO ] 2024-12-31 02:28:50.556 [main] Utils - [Utils] MethodGroupsHelper.collectMethodsByGroup() took 0 ms.
[INFO ] 2024-12-31 02:28:50.556 [main] Utils - [Utils] MethodGroupsHelper.sortMethods() took 0 ms.
[INFO ] 2024-12-31 02:28:50.557 [main] Utils - [Utils] MethodGroupsHelper.collectMethodsByGroup() took 0 ms.
[INFO ] 2024-12-31 02:28:50.557 [main] Utils - [Utils] MethodGroupsHelper.sortMethods() took 0 ms.
[INFO ] 2024-12-31 02:28:50.558 [main] Utils - [Utils] MethodGroupsHelper.collectMethodsByGroup() took 0 ms.
[INFO ] 2024-12-31 02:28:50.558 [main] Utils - [Utils] MethodGroupsHelper.sortMethods() took 0 ms.
[INFO ] 2024-12-31 02:28:50.559 [main] Utils - [Utils] MethodGroupsHelper.collectMethodsByGroup() took 0 ms.
[INFO ] 2024-12-31 02:28:50.559 [main] Utils - [Utils] MethodGroupsHelper.sortMethods() took 0 ms.
[INFO ] 2024-12-31 02:28:50.559 [main] Utils - [Utils] MethodGroupsHelper.collectMethodsByGroup() took 0 ms.
[INFO ] 2024-12-31 02:28:50.559 [main] Utils - [Utils] MethodGroupsHelper.sortMethods() took 0 ms.
[INFO ] 2024-12-31 02:28:50.560 [main] Utils - [Utils] MethodGroupsHelper.collectMethodsByGroup() took 0 ms.
[INFO ] 2024-12-31 02:28:50.560 [main] Utils - [Utils] MethodGroupsHelper.sortMethods() took 0 ms.
[INFO ] 2024-12-31 02:28:50.560 [main] Utils - [Utils] MethodGroupsHelper.collectMethodsByGroup() took 0 ms.
[INFO ] 2024-12-31 02:28:50.560 [main] Utils - [Utils] MethodGroupsHelper.sortMethods() took 0 ms.
[INFO ] 2024-12-31 02:28:50.561 [main] Utils - [Utils] MethodGroupsHelper.collectMethodsByGroup() took 0 ms.
[INFO ] 2024-12-31 02:28:50.562 [main] Utils - [Utils] MethodGroupsHelper.sortMethods() took 0 ms.
[INFO ] 2024-12-31 02:28:50.562 [main] Utils - [Utils] MethodGroupsHelper.collectMethodsByGroup() took 0 ms.
[INFO ] 2024-12-31 02:28:50.562 [main] Utils - [Utils] MethodGroupsHelper.sortMethods() took 0 ms.
[INFO ] 2024-12-31 02:28:50.562 [main] Utils - [Utils] MethodGroupsHelper.collectMethodsByGroup() took 0 ms.
[INFO ] 2024-12-31 02:28:50.562 [main] Utils - [Utils] MethodGroupsHelper.sortMethods() took 0 ms.
[INFO ] 2024-12-31 02:28:50.562 [main] Utils - [Utils] MethodGroupsHelper.collectMethodsByGroup() took 0 ms.
[INFO ] 2024-12-31 02:28:50.563 [main] Utils - [Utils] MethodGroupsHelper.sortMethods() took 0 ms.
[INFO ] 2024-12-31 02:28:50.563 [main] Utils - [Utils] MethodGroupsHelper.collectMethodsByGroup() took 0 ms.
[INFO ] 2024-12-31 02:28:50.563 [main] Utils - [Utils] MethodGroupsHelper.sortMethods() took 0 ms.
[INFO ] 2024-12-31 02:28:50.564 [main] Utils - [Utils] MethodGroupsHelper.collectMethodsByGroup() took 0 ms.
[INFO ] 2024-12-31 02:28:50.565 [main] Utils - [Utils] MethodGroupsHelper.sortMethods() took 0 ms.
[INFO ] 2024-12-31 02:28:50.565 [main] Utils - [Utils] MethodGroupsHelper.collectMethodsByGroup() took 0 ms.
[INFO ] 2024-12-31 02:28:50.565 [main] Utils - [Utils] MethodGroupsHelper.sortMethods() took 0 ms.
[INFO ] 2024-12-31 02:28:50.565 [main] Utils - [Utils] MethodGroupsHelper.collectMethodsByGroup() took 0 ms.
[INFO ] 2024-12-31 02:28:50.566 [main] Utils - [Utils] MethodGroupsHelper.sortMethods() took 0 ms.
[INFO ] 2024-12-31 02:28:50.566 [main] Utils - [Utils] MethodGroupsHelper.collectMethodsByGroup() took 0 ms.
[INFO ] 2024-12-31 02:28:50.566 [main] Utils - [Utils] MethodGroupsHelper.sortMethods() took 0 ms.
[INFO ] 2024-12-31 02:28:50.566 [main] Utils - [Utils] MethodGroupsHelper.collectMethodsByGroup() took 0 ms.
[INFO ] 2024-12-31 02:28:50.566 [main] Utils - [Utils] MethodGroupsHelper.sortMethods() took 0 ms.
[INFO ] 2024-12-31 02:28:50.571 [main] Utils - [Utils] MethodGroupsHelper.collectMethodsByGroup() took 0 ms.
[INFO ] 2024-12-31 02:28:50.571 [main] Utils - [Utils] MethodGroupsHelper.sortMethods() took 0 ms.
[INFO ] 2024-12-31 02:28:50.571 [main] Utils - [Utils] MethodGroupsHelper.collectMethodsByGroup() took 0 ms.
[INFO ] 2024-12-31 02:28:50.571 [main] Utils - [Utils] MethodGroupsHelper.sortMethods() took 0 ms.
[INFO ] 2024-12-31 02:28:50.573 [main] Utils - [Utils] MethodGroupsHelper.collectMethodsByGroup() took 0 ms.
[INFO ] 2024-12-31 02:28:50.576 [main] Utils - [Utils] MethodGroupsHelper.sortMethods() took 2 ms.
[INFO ] 2024-12-31 02:28:50.578 [main] Utils - [Utils] MethodGroupsHelper.collectMethodsByGroup() took 0 ms.
[INFO ] 2024-12-31 02:28:50.578 [main] Utils - [Utils] MethodGroupsHelper.sortMethods() took 0 ms.
[INFO ] 2024-12-31 02:28:50.578 [main] Utils - [Utils] MethodGroupsHelper.collectMethodsByGroup() took 0 ms.
[INFO ] 2024-12-31 02:28:50.578 [main] Utils - [Utils] MethodGroupsHelper.sortMethods() took 0 ms.
[INFO ] 2024-12-31 02:28:50.585 [main] Utils - [TestNG] Running:
  D:\Selenium Project\E2EFramwork\testng.xml

[INFO ] 2024-12-31 02:28:50.610 [main] Utils - [Utils] DynamicGraphHelper.createDynamicGraph() took 6 ms.
[INFO ] 2024-12-31 02:28:57.292 [main] RegisterTest - --------------Started-------------------
[INFO ] 2024-12-31 02:29:09.098 [main] RegisterTest - --------------FINISHED-------------------
[INFO ] 2024-12-31 02:29:29.232 [main] SubscriptionTest - --------------Started-------------------
[INFO ] 2024-12-31 02:29:31.622 [main] SubscriptionTest - --------------FINISHED-------------------
[INFO ] 2024-12-31 02:29:37.200 [main] SubscriptionCartTest - --------------Started-------------------
[INFO ] 2024-12-31 02:29:52.738 [main] SubscriptionCartTest - --------------FINISHED-------------------
[INFO ] 2024-12-31 02:29:54.152 [main] Utils - [TestNG] Time taken by org.testng.internal.ExitCodeListener@490b8f1e: 0 ms
[INFO ] 2024-12-31 19:20:18.544 [main] Utils - [Utils] MethodGroupsHelper.collectMethodsByGroup() took 2 ms.
[INFO ] 2024-12-31 19:20:18.554 [main] Utils - [Utils] MethodGroupsHelper.sortMethods() took 2 ms.
[INFO ] 2024-12-31 19:20:18.557 [main] Utils - [Utils] MethodGroupsHelper.collectMethodsByGroup() took 0 ms.
[INFO ] 2024-12-31 19:20:18.558 [main] Utils - [Utils] MethodGroupsHelper.sortMethods() took 0 ms.
[INFO ] 2024-12-31 19:20:18.558 [main] Utils - [Utils] MethodGroupsHelper.collectMethodsByGroup() took 0 ms.
[INFO ] 2024-12-31 19:20:18.559 [main] Utils - [Utils] MethodGroupsHelper.sortMethods() took 0 ms.
[INFO ] 2024-12-31 19:20:18.559 [main] Utils - [Utils] MethodGroupsHelper.collectMethodsByGroup() took 0 ms.
[INFO ] 2024-12-31 19:20:18.559 [main] Utils - [Utils] MethodGroupsHelper.sortMethods() took 0 ms.
[INFO ] 2024-12-31 19:20:18.569 [main] Utils - [Utils] MethodGroupsHelper.collectMethodsByGroup() took 8 ms.
[INFO ] 2024-12-31 19:20:18.585 [main] Utils - [Utils] MethodGroupsHelper.sortMethods() took 16 ms.
[INFO ] 2024-12-31 19:20:18.587 [main] Utils - [Utils] MethodGroupsHelper.collectMethodsByGroup() took 0 ms.
[INFO ] 2024-12-31 19:20:18.587 [main] Utils - [Utils] MethodGroupsHelper.sortMethods() took 0 ms.
[INFO ] 2024-12-31 19:20:18.589 [main] Utils - [Utils] MethodGroupsHelper.collectMethodsByGroup() took 0 ms.
[INFO ] 2024-12-31 19:20:18.589 [main] Utils - [Utils] MethodGroupsHelper.sortMethods() took 0 ms.
[INFO ] 2024-12-31 19:20:18.590 [main] Utils - [Utils] MethodGroupsHelper.collectMethodsByGroup() took 0 ms.
[INFO ] 2024-12-31 19:20:18.590 [main] Utils - [Utils] MethodGroupsHelper.sortMethods() took 0 ms.
[INFO ] 2024-12-31 19:20:18.592 [main] Utils - [Utils] MethodGroupsHelper.collectMethodsByGroup() took 0 ms.
[INFO ] 2024-12-31 19:20:18.592 [main] Utils - [Utils] MethodGroupsHelper.sortMethods() took 0 ms.
[INFO ] 2024-12-31 19:20:18.593 [main] Utils - [Utils] MethodGroupsHelper.collectMethodsByGroup() took 0 ms.
[INFO ] 2024-12-31 19:20:18.593 [main] Utils - [Utils] MethodGroupsHelper.sortMethods() took 0 ms.
[INFO ] 2024-12-31 19:20:18.597 [main] Utils - [Utils] MethodGroupsHelper.collectMethodsByGroup() took 0 ms.
[INFO ] 2024-12-31 19:20:18.598 [main] Utils - [Utils] MethodGroupsHelper.sortMethods() took 0 ms.
[INFO ] 2024-12-31 19:20:18.598 [main] Utils - [Utils] MethodGroupsHelper.collectMethodsByGroup() took 0 ms.
[INFO ] 2024-12-31 19:20:18.598 [main] Utils - [Utils] MethodGroupsHelper.sortMethods() took 0 ms.
[INFO ] 2024-12-31 19:20:18.602 [main] Utils - [Utils] MethodGroupsHelper.collectMethodsByGroup() took 2 ms.
[INFO ] 2024-12-31 19:20:18.603 [main] Utils - [Utils] MethodGroupsHelper.sortMethods() took 0 ms.
[INFO ] 2024-12-31 19:20:18.604 [main] Utils - [Utils] MethodGroupsHelper.collectMethodsByGroup() took 0 ms.
[INFO ] 2024-12-31 19:20:18.606 [main] Utils - [Utils] MethodGroupsHelper.sortMethods() took 0 ms.
[INFO ] 2024-12-31 19:20:18.606 [main] Utils - [Utils] MethodGroupsHelper.collectMethodsByGroup() took 0 ms.
[INFO ] 2024-12-31 19:20:18.606 [main] Utils - [Utils] MethodGroupsHelper.sortMethods() took 0 ms.
[INFO ] 2024-12-31 19:20:18.613 [main] Utils - [TestNG] Running:
  D:\Selenium Project\E2EFramwork\testng.xml

[INFO ] 2024-12-31 19:20:18.635 [main] Utils - [Utils] DynamicGraphHelper.createDynamicGraph() took 7 ms.
[INFO ] 2024-12-31 19:20:42.177 [main] Utils - [TestNG] Time taken by org.testng.internal.ExitCodeListener@3dbb3fb7: 0 ms
[INFO ] 2024-12-31 19:23:18.875 [main] Utils - [Warning] The regular expression "addProduct4" didn't match any method in class Tests.ProductTest
[INFO ] 2024-12-31 19:23:18.989 [main] Utils - [Utils] MethodGroupsHelper.collectMethodsByGroup() took 0 ms.
[INFO ] 2024-12-31 19:23:18.995 [main] Utils - [Utils] MethodGroupsHelper.sortMethods() took 2 ms.
[INFO ] 2024-12-31 19:23:18.997 [main] Utils - [Utils] MethodGroupsHelper.collectMethodsByGroup() took 0 ms.
[INFO ] 2024-12-31 19:23:18.997 [main] Utils - [Utils] MethodGroupsHelper.sortMethods() took 0 ms.
[INFO ] 2024-12-31 19:23:18.998 [main] Utils - [Utils] MethodGroupsHelper.collectMethodsByGroup() took 0 ms.
[INFO ] 2024-12-31 19:23:18.998 [main] Utils - [Utils] MethodGroupsHelper.sortMethods() took 0 ms.
[INFO ] 2024-12-31 19:23:18.998 [main] Utils - [Utils] MethodGroupsHelper.collectMethodsByGroup() took 0 ms.
[INFO ] 2024-12-31 19:23:18.998 [main] Utils - [Utils] MethodGroupsHelper.sortMethods() took 0 ms.
[INFO ] 2024-12-31 19:23:19.008 [main] Utils - [Utils] MethodGroupsHelper.collectMethodsByGroup() took 8 ms.
[INFO ] 2024-12-31 19:23:19.025 [main] Utils - [Utils] MethodGroupsHelper.sortMethods() took 17 ms.
[INFO ] 2024-12-31 19:23:19.026 [main] Utils - [Utils] MethodGroupsHelper.collectMethodsByGroup() took 0 ms.
[INFO ] 2024-12-31 19:23:19.027 [main] Utils - [Utils] MethodGroupsHelper.sortMethods() took 1 ms.
[INFO ] 2024-12-31 19:23:19.028 [main] Utils - [Utils] MethodGroupsHelper.collectMethodsByGroup() took 0 ms.
[INFO ] 2024-12-31 19:23:19.028 [main] Utils - [Utils] MethodGroupsHelper.sortMethods() took 0 ms.
[INFO ] 2024-12-31 19:23:19.029 [main] Utils - [Utils] MethodGroupsHelper.collectMethodsByGroup() took 0 ms.
[INFO ] 2024-12-31 19:23:19.029 [main] Utils - [Utils] MethodGroupsHelper.sortMethods() took 0 ms.
[INFO ] 2024-12-31 19:23:19.030 [main] Utils - [Utils] MethodGroupsHelper.collectMethodsByGroup() took 0 ms.
[INFO ] 2024-12-31 19:23:19.030 [main] Utils - [Utils] MethodGroupsHelper.sortMethods() took 0 ms.
[INFO ] 2024-12-31 19:23:19.031 [main] Utils - [Utils] MethodGroupsHelper.collectMethodsByGroup() took 0 ms.
[INFO ] 2024-12-31 19:23:19.031 [main] Utils - [Utils] MethodGroupsHelper.sortMethods() took 0 ms.
[INFO ] 2024-12-31 19:23:19.036 [main] Utils - [Utils] MethodGroupsHelper.collectMethodsByGroup() took 0 ms.
[INFO ] 2024-12-31 19:23:19.036 [main] Utils - [Utils] MethodGroupsHelper.sortMethods() took 0 ms.
[INFO ] 2024-12-31 19:23:19.036 [main] Utils - [Utils] MethodGroupsHelper.collectMethodsByGroup() took 0 ms.
[INFO ] 2024-12-31 19:23:19.036 [main] Utils - [Utils] MethodGroupsHelper.sortMethods() took 0 ms.
[INFO ] 2024-12-31 19:23:19.039 [main] Utils - [Utils] MethodGroupsHelper.collectMethodsByGroup() took 2 ms.
[INFO ] 2024-12-31 19:23:19.039 [main] Utils - [Utils] MethodGroupsHelper.sortMethods() took 0 ms.
[INFO ] 2024-12-31 19:23:19.041 [main] Utils - [Utils] MethodGroupsHelper.collectMethodsByGroup() took 0 ms.
[INFO ] 2024-12-31 19:23:19.041 [main] Utils - [Utils] MethodGroupsHelper.sortMethods() took 0 ms.
[INFO ] 2024-12-31 19:23:19.041 [main] Utils - [Utils] MethodGroupsHelper.collectMethodsByGroup() took 0 ms.
[INFO ] 2024-12-31 19:23:19.041 [main] Utils - [Utils] MethodGroupsHelper.sortMethods() took 0 ms.
[INFO ] 2024-12-31 19:23:19.049 [main] Utils - [TestNG] Running:
  D:\Selenium Project\E2EFramwork\testng.xml

[INFO ] 2024-12-31 19:23:19.066 [main] Utils - [Utils] DynamicGraphHelper.createDynamicGraph() took 4 ms.
[INFO ] 2024-12-31 19:23:19.195 [main] Utils - [TestNG] Time taken by org.testng.internal.ExitCodeListener@75fe1619: 0 ms
[INFO ] 2024-12-31 19:23:29.345 [main] Utils - [Utils] MethodGroupsHelper.collectMethodsByGroup() took 0 ms.
[INFO ] 2024-12-31 19:23:29.354 [main] Utils - [Utils] MethodGroupsHelper.sortMethods() took 2 ms.
[INFO ] 2024-12-31 19:23:29.357 [main] Utils - [Utils] MethodGroupsHelper.collectMethodsByGroup() took 0 ms.
[INFO ] 2024-12-31 19:23:29.357 [main] Utils - [Utils] MethodGroupsHelper.sortMethods() took 0 ms.
[INFO ] 2024-12-31 19:23:29.358 [main] Utils - [Utils] MethodGroupsHelper.collectMethodsByGroup() took 0 ms.
[INFO ] 2024-12-31 19:23:29.358 [main] Utils - [Utils] MethodGroupsHelper.sortMethods() took 0 ms.
[INFO ] 2024-12-31 19:23:29.358 [main] Utils - [Utils] MethodGroupsHelper.collectMethodsByGroup() took 0 ms.
[INFO ] 2024-12-31 19:23:29.359 [main] Utils - [Utils] MethodGroupsHelper.sortMethods() took 0 ms.
[INFO ] 2024-12-31 19:23:29.368 [main] Utils - [Utils] MethodGroupsHelper.collectMethodsByGroup() took 8 ms.
[INFO ] 2024-12-31 19:23:29.389 [main] Utils - [Utils] MethodGroupsHelper.sortMethods() took 20 ms.
[INFO ] 2024-12-31 19:23:29.390 [main] Utils - [Utils] MethodGroupsHelper.collectMethodsByGroup() took 0 ms.
[INFO ] 2024-12-31 19:23:29.391 [main] Utils - [Utils] MethodGroupsHelper.sortMethods() took 0 ms.
[INFO ] 2024-12-31 19:23:29.392 [main] Utils - [Utils] MethodGroupsHelper.collectMethodsByGroup() took 0 ms.
[INFO ] 2024-12-31 19:23:29.392 [main] Utils - [Utils] MethodGroupsHelper.sortMethods() took 0 ms.
[INFO ] 2024-12-31 19:23:29.393 [main] Utils - [Utils] MethodGroupsHelper.collectMethodsByGroup() took 0 ms.
[INFO ] 2024-12-31 19:23:29.393 [main] Utils - [Utils] MethodGroupsHelper.sortMethods() took 0 ms.
[INFO ] 2024-12-31 19:23:29.395 [main] Utils - [Utils] MethodGroupsHelper.collectMethodsByGroup() took 0 ms.
[INFO ] 2024-12-31 19:23:29.395 [main] Utils - [Utils] MethodGroupsHelper.sortMethods() took 0 ms.
[INFO ] 2024-12-31 19:23:29.395 [main] Utils - [Utils] MethodGroupsHelper.collectMethodsByGroup() took 0 ms.
[INFO ] 2024-12-31 19:23:29.395 [main] Utils - [Utils] MethodGroupsHelper.sortMethods() took 0 ms.
[INFO ] 2024-12-31 19:23:29.402 [main] Utils - [Utils] MethodGroupsHelper.collectMethodsByGroup() took 0 ms.
[INFO ] 2024-12-31 19:23:29.402 [main] Utils - [Utils] MethodGroupsHelper.sortMethods() took 0 ms.
[INFO ] 2024-12-31 19:23:29.403 [main] Utils - [Utils] MethodGroupsHelper.collectMethodsByGroup() took 0 ms.
[INFO ] 2024-12-31 19:23:29.403 [main] Utils - [Utils] MethodGroupsHelper.sortMethods() took 0 ms.
[INFO ] 2024-12-31 19:23:29.406 [main] Utils - [Utils] MethodGroupsHelper.collectMethodsByGroup() took 1 ms.
[INFO ] 2024-12-31 19:23:29.407 [main] Utils - [Utils] MethodGroupsHelper.sortMethods() took 0 ms.
[INFO ] 2024-12-31 19:23:29.409 [main] Utils - [Utils] MethodGroupsHelper.collectMethodsByGroup() took 0 ms.
[INFO ] 2024-12-31 19:23:29.409 [main] Utils - [Utils] MethodGroupsHelper.sortMethods() took 0 ms.
[INFO ] 2024-12-31 19:23:29.409 [main] Utils - [Utils] MethodGroupsHelper.collectMethodsByGroup() took 0 ms.
[INFO ] 2024-12-31 19:23:29.409 [main] Utils - [Utils] MethodGroupsHelper.sortMethods() took 0 ms.
[INFO ] 2024-12-31 19:23:29.416 [main] Utils - [TestNG] Running:
  D:\Selenium Project\E2EFramwork\testng.xml

[INFO ] 2024-12-31 19:23:29.438 [main] Utils - [Utils] DynamicGraphHelper.createDynamicGraph() took 5 ms.
[INFO ] 2024-12-31 19:23:41.508 [main] Utils - [TestNG] Time taken by org.testng.internal.ExitCodeListener@12f51a65: 0 ms
[INFO ] 2024-12-31 19:24:29.721 [main] Utils - [Utils] MethodGroupsHelper.collectMethodsByGroup() took 1 ms.
[INFO ] 2024-12-31 19:24:29.731 [main] Utils - [Utils] MethodGroupsHelper.sortMethods() took 2 ms.
[INFO ] 2024-12-31 19:24:29.734 [main] Utils - [Utils] MethodGroupsHelper.collectMethodsByGroup() took 0 ms.
[INFO ] 2024-12-31 19:24:29.735 [main] Utils - [Utils] MethodGroupsHelper.sortMethods() took 0 ms.
[INFO ] 2024-12-31 19:24:29.735 [main] Utils - [Utils] MethodGroupsHelper.collectMethodsByGroup() took 0 ms.
[INFO ] 2024-12-31 19:24:29.735 [main] Utils - [Utils] MethodGroupsHelper.sortMethods() took 0 ms.
[INFO ] 2024-12-31 19:24:29.736 [main] Utils - [Utils] MethodGroupsHelper.collectMethodsByGroup() took 0 ms.
[INFO ] 2024-12-31 19:24:29.737 [main] Utils - [Utils] MethodGroupsHelper.sortMethods() took 0 ms.
[INFO ] 2024-12-31 19:24:29.746 [main] Utils - [Utils] MethodGroupsHelper.collectMethodsByGroup() took 7 ms.
[INFO ] 2024-12-31 19:24:29.763 [main] Utils - [Utils] MethodGroupsHelper.sortMethods() took 15 ms.
[INFO ] 2024-12-31 19:24:29.764 [main] Utils - [Utils] MethodGroupsHelper.collectMethodsByGroup() took 0 ms.
[INFO ] 2024-12-31 19:24:29.765 [main] Utils - [Utils] MethodGroupsHelper.sortMethods() took 0 ms.
[INFO ] 2024-12-31 19:24:29.766 [main] Utils - [Utils] MethodGroupsHelper.collectMethodsByGroup() took 0 ms.
[INFO ] 2024-12-31 19:24:29.766 [main] Utils - [Utils] MethodGroupsHelper.sortMethods() took 0 ms.
[INFO ] 2024-12-31 19:24:29.767 [main] Utils - [Utils] MethodGroupsHelper.collectMethodsByGroup() took 0 ms.
[INFO ] 2024-12-31 19:24:29.767 [main] Utils - [Utils] MethodGroupsHelper.sortMethods() took 0 ms.
[INFO ] 2024-12-31 19:24:29.769 [main] Utils - [Utils] MethodGroupsHelper.collectMethodsByGroup() took 0 ms.
[INFO ] 2024-12-31 19:24:29.769 [main] Utils - [Utils] MethodGroupsHelper.sortMethods() took 0 ms.
[INFO ] 2024-12-31 19:24:29.770 [main] Utils - [Utils] MethodGroupsHelper.collectMethodsByGroup() took 0 ms.
[INFO ] 2024-12-31 19:24:29.770 [main] Utils - [Utils] MethodGroupsHelper.sortMethods() took 0 ms.
[INFO ] 2024-12-31 19:24:29.773 [main] Utils - [Utils] MethodGroupsHelper.collectMethodsByGroup() took 1 ms.
[INFO ] 2024-12-31 19:24:29.773 [main] Utils - [Utils] MethodGroupsHelper.sortMethods() took 0 ms.
[INFO ] 2024-12-31 19:24:29.773 [main] Utils - [Utils] MethodGroupsHelper.collectMethodsByGroup() took 0 ms.
[INFO ] 2024-12-31 19:24:29.773 [main] Utils - [Utils] MethodGroupsHelper.sortMethods() took 0 ms.
[INFO ] 2024-12-31 19:24:29.777 [main] Utils - [Utils] MethodGroupsHelper.collectMethodsByGroup() took 3 ms.
[INFO ] 2024-12-31 19:24:29.777 [main] Utils - [Utils] MethodGroupsHelper.sortMethods() took 0 ms.
[INFO ] 2024-12-31 19:24:29.779 [main] Utils - [Utils] MethodGroupsHelper.collectMethodsByGroup() took 0 ms.
[INFO ] 2024-12-31 19:24:29.779 [main] Utils - [Utils] MethodGroupsHelper.sortMethods() took 0 ms.
[INFO ] 2024-12-31 19:24:29.780 [main] Utils - [Utils] MethodGroupsHelper.collectMethodsByGroup() took 0 ms.
[INFO ] 2024-12-31 19:24:29.780 [main] Utils - [Utils] MethodGroupsHelper.sortMethods() took 0 ms.
[INFO ] 2024-12-31 19:24:29.786 [main] Utils - [TestNG] Running:
  D:\Selenium Project\E2EFramwork\testng.xml

[INFO ] 2024-12-31 19:24:29.809 [main] Utils - [Utils] DynamicGraphHelper.createDynamicGraph() took 5 ms.
[INFO ] 2024-12-31 19:24:51.603 [main] Utils - [TestNG] Time taken by org.testng.internal.ExitCodeListener@3f0c6b3c: 0 ms
[INFO ] 2024-12-31 20:52:19.588 [main] Utils - [Utils] MethodGroupsHelper.collectMethodsByGroup() took 1 ms.
[INFO ] 2024-12-31 20:52:19.598 [main] Utils - [Utils] MethodGroupsHelper.sortMethods() took 3 ms.
[INFO ] 2024-12-31 20:52:19.601 [main] Utils - [Utils] MethodGroupsHelper.collectMethodsByGroup() took 0 ms.
[INFO ] 2024-12-31 20:52:19.601 [main] Utils - [Utils] MethodGroupsHelper.sortMethods() took 0 ms.
[INFO ] 2024-12-31 20:52:19.602 [main] Utils - [Utils] MethodGroupsHelper.collectMethodsByGroup() took 0 ms.
[INFO ] 2024-12-31 20:52:19.602 [main] Utils - [Utils] MethodGroupsHelper.sortMethods() took 0 ms.
[INFO ] 2024-12-31 20:52:19.603 [main] Utils - [Utils] MethodGroupsHelper.collectMethodsByGroup() took 0 ms.
[INFO ] 2024-12-31 20:52:19.604 [main] Utils - [Utils] MethodGroupsHelper.sortMethods() took 0 ms.
[INFO ] 2024-12-31 20:52:19.612 [main] Utils - [Utils] MethodGroupsHelper.collectMethodsByGroup() took 6 ms.
[INFO ] 2024-12-31 20:52:19.625 [main] Utils - [Utils] MethodGroupsHelper.sortMethods() took 12 ms.
[INFO ] 2024-12-31 20:52:19.627 [main] Utils - [Utils] MethodGroupsHelper.collectMethodsByGroup() took 0 ms.
[INFO ] 2024-12-31 20:52:19.627 [main] Utils - [Utils] MethodGroupsHelper.sortMethods() took 0 ms.
[INFO ] 2024-12-31 20:52:19.628 [main] Utils - [Utils] MethodGroupsHelper.collectMethodsByGroup() took 0 ms.
[INFO ] 2024-12-31 20:52:19.628 [main] Utils - [Utils] MethodGroupsHelper.sortMethods() took 0 ms.
[INFO ] 2024-12-31 20:52:19.628 [main] Utils - [Utils] MethodGroupsHelper.collectMethodsByGroup() took 0 ms.
[INFO ] 2024-12-31 20:52:19.629 [main] Utils - [Utils] MethodGroupsHelper.sortMethods() took 0 ms.
[INFO ] 2024-12-31 20:52:19.632 [main] Utils - [Utils] MethodGroupsHelper.collectMethodsByGroup() took 0 ms.
[INFO ] 2024-12-31 20:52:19.632 [main] Utils - [Utils] MethodGroupsHelper.sortMethods() took 0 ms.
[INFO ] 2024-12-31 20:52:19.633 [main] Utils - [Utils] MethodGroupsHelper.collectMethodsByGroup() took 0 ms.
[INFO ] 2024-12-31 20:52:19.633 [main] Utils - [Utils] MethodGroupsHelper.sortMethods() took 0 ms.
[INFO ] 2024-12-31 20:52:19.638 [main] Utils - [Utils] MethodGroupsHelper.collectMethodsByGroup() took 0 ms.
[INFO ] 2024-12-31 20:52:19.638 [main] Utils - [Utils] MethodGroupsHelper.sortMethods() took 0 ms.
[INFO ] 2024-12-31 20:52:19.638 [main] Utils - [Utils] MethodGroupsHelper.collectMethodsByGroup() took 0 ms.
[INFO ] 2024-12-31 20:52:19.638 [main] Utils - [Utils] MethodGroupsHelper.sortMethods() took 0 ms.
[INFO ] 2024-12-31 20:52:19.643 [main] Utils - [Utils] MethodGroupsHelper.collectMethodsByGroup() took 3 ms.
[INFO ] 2024-12-31 20:52:19.644 [main] Utils - [Utils] MethodGroupsHelper.sortMethods() took 0 ms.
[INFO ] 2024-12-31 20:52:19.646 [main] Utils - [Utils] MethodGroupsHelper.collectMethodsByGroup() took 0 ms.
[INFO ] 2024-12-31 20:52:19.646 [main] Utils - [Utils] MethodGroupsHelper.sortMethods() took 0 ms.
[INFO ] 2024-12-31 20:52:19.646 [main] Utils - [Utils] MethodGroupsHelper.collectMethodsByGroup() took 0 ms.
[INFO ] 2024-12-31 20:52:19.646 [main] Utils - [Utils] MethodGroupsHelper.sortMethods() took 0 ms.
[INFO ] 2024-12-31 20:52:19.654 [main] Utils - [TestNG] Running:
  D:\Selenium Project\E2EFramwork\testng.xml

[INFO ] 2024-12-31 20:52:19.682 [main] Utils - [Utils] DynamicGraphHelper.createDynamicGraph() took 6 ms.
[INFO ] 2024-12-31 20:52:31.619 [main] Utils - [TestNG] Time taken by org.testng.internal.ExitCodeListener@d85b399: 0 ms
[INFO ] 2024-12-31 20:52:43.392 [main] Utils - [Utils] MethodGroupsHelper.collectMethodsByGroup() took 0 ms.
[INFO ] 2024-12-31 20:52:43.400 [main] Utils - [Utils] MethodGroupsHelper.sortMethods() took 1 ms.
[INFO ] 2024-12-31 20:52:43.402 [main] Utils - [Utils] MethodGroupsHelper.collectMethodsByGroup() took 0 ms.
[INFO ] 2024-12-31 20:52:43.403 [main] Utils - [Utils] MethodGroupsHelper.sortMethods() took 0 ms.
[INFO ] 2024-12-31 20:52:43.404 [main] Utils - [Utils] MethodGroupsHelper.collectMethodsByGroup() took 0 ms.
[INFO ] 2024-12-31 20:52:43.404 [main] Utils - [Utils] MethodGroupsHelper.sortMethods() took 0 ms.
[INFO ] 2024-12-31 20:52:43.405 [main] Utils - [Utils] MethodGroupsHelper.collectMethodsByGroup() took 0 ms.
[INFO ] 2024-12-31 20:52:43.405 [main] Utils - [Utils] MethodGroupsHelper.sortMethods() took 0 ms.
[INFO ] 2024-12-31 20:52:43.414 [main] Utils - [Utils] MethodGroupsHelper.collectMethodsByGroup() took 7 ms.
[INFO ] 2024-12-31 20:52:43.425 [main] Utils - [Utils] MethodGroupsHelper.sortMethods() took 9 ms.
[INFO ] 2024-12-31 20:52:43.427 [main] Utils - [Utils] MethodGroupsHelper.collectMethodsByGroup() took 0 ms.
[INFO ] 2024-12-31 20:52:43.428 [main] Utils - [Utils] MethodGroupsHelper.sortMethods() took 0 ms.
[INFO ] 2024-12-31 20:52:43.428 [main] Utils - [Utils] MethodGroupsHelper.collectMethodsByGroup() took 0 ms.
[INFO ] 2024-12-31 20:52:43.429 [main] Utils - [Utils] MethodGroupsHelper.sortMethods() took 0 ms.
[INFO ] 2024-12-31 20:52:43.429 [main] Utils - [Utils] MethodGroupsHelper.collectMethodsByGroup() took 0 ms.
[INFO ] 2024-12-31 20:52:43.429 [main] Utils - [Utils] MethodGroupsHelper.sortMethods() took 0 ms.
[INFO ] 2024-12-31 20:52:43.431 [main] Utils - [Utils] MethodGroupsHelper.collectMethodsByGroup() took 0 ms.
[INFO ] 2024-12-31 20:52:43.431 [main] Utils - [Utils] MethodGroupsHelper.sortMethods() took 0 ms.
[INFO ] 2024-12-31 20:52:43.432 [main] Utils - [Utils] MethodGroupsHelper.collectMethodsByGroup() took 0 ms.
[INFO ] 2024-12-31 20:52:43.432 [main] Utils - [Utils] MethodGroupsHelper.sortMethods() took 0 ms.
[INFO ] 2024-12-31 20:52:43.437 [main] Utils - [Utils] MethodGroupsHelper.collectMethodsByGroup() took 0 ms.
[INFO ] 2024-12-31 20:52:43.437 [main] Utils - [Utils] MethodGroupsHelper.sortMethods() took 0 ms.
[INFO ] 2024-12-31 20:52:43.437 [main] Utils - [Utils] MethodGroupsHelper.collectMethodsByGroup() took 0 ms.
[INFO ] 2024-12-31 20:52:43.437 [main] Utils - [Utils] MethodGroupsHelper.sortMethods() took 0 ms.
[INFO ] 2024-12-31 20:52:43.441 [main] Utils - [Utils] MethodGroupsHelper.collectMethodsByGroup() took 3 ms.
[INFO ] 2024-12-31 20:52:43.441 [main] Utils - [Utils] MethodGroupsHelper.sortMethods() took 0 ms.
[INFO ] 2024-12-31 20:52:43.443 [main] Utils - [Utils] MethodGroupsHelper.collectMethodsByGroup() took 0 ms.
[INFO ] 2024-12-31 20:52:43.444 [main] Utils - [Utils] MethodGroupsHelper.sortMethods() took 0 ms.
[INFO ] 2024-12-31 20:52:43.444 [main] Utils - [Utils] MethodGroupsHelper.collectMethodsByGroup() took 0 ms.
[INFO ] 2024-12-31 20:52:43.444 [main] Utils - [Utils] MethodGroupsHelper.sortMethods() took 0 ms.
[INFO ] 2024-12-31 20:52:43.451 [main] Utils - [TestNG] Running:
  D:\Selenium Project\E2EFramwork\testng.xml

[INFO ] 2024-12-31 20:52:43.471 [main] Utils - [Utils] DynamicGraphHelper.createDynamicGraph() took 4 ms.
[INFO ] 2024-12-31 20:52:54.219 [main] Utils - [TestNG] Time taken by org.testng.internal.ExitCodeListener@45707f76: 2 ms
[INFO ] 2024-12-31 20:53:05.021 [main] Utils - [Utils] MethodGroupsHelper.collectMethodsByGroup() took 0 ms.
[INFO ] 2024-12-31 20:53:05.032 [main] Utils - [Utils] MethodGroupsHelper.sortMethods() took 1 ms.
[INFO ] 2024-12-31 20:53:05.035 [main] Utils - [Utils] MethodGroupsHelper.collectMethodsByGroup() took 0 ms.
[INFO ] 2024-12-31 20:53:05.035 [main] Utils - [Utils] MethodGroupsHelper.sortMethods() took 0 ms.
[INFO ] 2024-12-31 20:53:05.036 [main] Utils - [Utils] MethodGroupsHelper.collectMethodsByGroup() took 0 ms.
[INFO ] 2024-12-31 20:53:05.036 [main] Utils - [Utils] MethodGroupsHelper.sortMethods() took 0 ms.
[INFO ] 2024-12-31 20:53:05.036 [main] Utils - [Utils] MethodGroupsHelper.collectMethodsByGroup() took 0 ms.
[INFO ] 2024-12-31 20:53:05.036 [main] Utils - [Utils] MethodGroupsHelper.sortMethods() took 0 ms.
[INFO ] 2024-12-31 20:53:05.046 [main] Utils - [Utils] MethodGroupsHelper.collectMethodsByGroup() took 7 ms.
[INFO ] 2024-12-31 20:53:05.057 [main] Utils - [Utils] MethodGroupsHelper.sortMethods() took 11 ms.
[INFO ] 2024-12-31 20:53:05.058 [main] Utils - [Utils] MethodGroupsHelper.collectMethodsByGroup() took 0 ms.
[INFO ] 2024-12-31 20:53:05.059 [main] Utils - [Utils] MethodGroupsHelper.sortMethods() took 0 ms.
[INFO ] 2024-12-31 20:53:05.060 [main] Utils - [Utils] MethodGroupsHelper.collectMethodsByGroup() took 0 ms.
[INFO ] 2024-12-31 20:53:05.060 [main] Utils - [Utils] MethodGroupsHelper.sortMethods() took 0 ms.
[INFO ] 2024-12-31 20:53:05.060 [main] Utils - [Utils] MethodGroupsHelper.collectMethodsByGroup() took 0 ms.
[INFO ] 2024-12-31 20:53:05.060 [main] Utils - [Utils] MethodGroupsHelper.sortMethods() took 0 ms.
[INFO ] 2024-12-31 20:53:05.062 [main] Utils - [Utils] MethodGroupsHelper.collectMethodsByGroup() took 0 ms.
[INFO ] 2024-12-31 20:53:05.062 [main] Utils - [Utils] MethodGroupsHelper.sortMethods() took 0 ms.
[INFO ] 2024-12-31 20:53:05.063 [main] Utils - [Utils] MethodGroupsHelper.collectMethodsByGroup() took 0 ms.
[INFO ] 2024-12-31 20:53:05.064 [main] Utils - [Utils] MethodGroupsHelper.sortMethods() took 0 ms.
[INFO ] 2024-12-31 20:53:05.070 [main] Utils - [Utils] MethodGroupsHelper.collectMethodsByGroup() took 0 ms.
[INFO ] 2024-12-31 20:53:05.086 [main] Utils - [Utils] MethodGroupsHelper.sortMethods() took 0 ms.
[INFO ] 2024-12-31 20:53:05.086 [main] Utils - [Utils] MethodGroupsHelper.collectMethodsByGroup() took 0 ms.
[INFO ] 2024-12-31 20:53:05.086 [main] Utils - [Utils] MethodGroupsHelper.sortMethods() took 0 ms.
[INFO ] 2024-12-31 20:53:05.091 [main] Utils - [Utils] MethodGroupsHelper.collectMethodsByGroup() took 2 ms.
[INFO ] 2024-12-31 20:53:05.091 [main] Utils - [Utils] MethodGroupsHelper.sortMethods() took 0 ms.
[INFO ] 2024-12-31 20:53:05.093 [main] Utils - [Utils] MethodGroupsHelper.collectMethodsByGroup() took 0 ms.
[INFO ] 2024-12-31 20:53:05.094 [main] Utils - [Utils] MethodGroupsHelper.sortMethods() took 0 ms.
[INFO ] 2024-12-31 20:53:05.094 [main] Utils - [Utils] MethodGroupsHelper.collectMethodsByGroup() took 0 ms.
[INFO ] 2024-12-31 20:53:05.094 [main] Utils - [Utils] MethodGroupsHelper.sortMethods() took 0 ms.
[INFO ] 2024-12-31 20:53:05.101 [main] Utils - [TestNG] Running:
  D:\Selenium Project\E2EFramwork\testng.xml

[INFO ] 2024-12-31 20:53:05.126 [main] Utils - [Utils] DynamicGraphHelper.createDynamicGraph() took 6 ms.
[INFO ] 2024-12-31 20:53:15.480 [main] Utils - [TestNG] Time taken by org.testng.internal.ExitCodeListener@4b5798c2: 0 ms
[INFO ] 2024-12-31 20:53:23.069 [main] Utils - [Utils] MethodGroupsHelper.collectMethodsByGroup() took 1 ms.
[INFO ] 2024-12-31 20:53:23.079 [main] Utils - [Utils] MethodGroupsHelper.sortMethods() took 2 ms.
[INFO ] 2024-12-31 20:53:23.083 [main] Utils - [Utils] MethodGroupsHelper.collectMethodsByGroup() took 0 ms.
[INFO ] 2024-12-31 20:53:23.083 [main] Utils - [Utils] MethodGroupsHelper.sortMethods() took 0 ms.
[INFO ] 2024-12-31 20:53:23.084 [main] Utils - [Utils] MethodGroupsHelper.collectMethodsByGroup() took 0 ms.
[INFO ] 2024-12-31 20:53:23.084 [main] Utils - [Utils] MethodGroupsHelper.sortMethods() took 0 ms.
[INFO ] 2024-12-31 20:53:23.084 [main] Utils - [Utils] MethodGroupsHelper.collectMethodsByGroup() took 0 ms.
[INFO ] 2024-12-31 20:53:23.084 [main] Utils - [Utils] MethodGroupsHelper.sortMethods() took 0 ms.
[INFO ] 2024-12-31 20:53:23.096 [main] Utils - [Utils] MethodGroupsHelper.collectMethodsByGroup() took 10 ms.
[INFO ] 2024-12-31 20:53:23.118 [main] Utils - [Utils] MethodGroupsHelper.sortMethods() took 21 ms.
[INFO ] 2024-12-31 20:53:23.119 [main] Utils - [Utils] MethodGroupsHelper.collectMethodsByGroup() took 0 ms.
[INFO ] 2024-12-31 20:53:23.120 [main] Utils - [Utils] MethodGroupsHelper.sortMethods() took 1 ms.
[INFO ] 2024-12-31 20:53:23.120 [main] Utils - [Utils] MethodGroupsHelper.collectMethodsByGroup() took 0 ms.
[INFO ] 2024-12-31 20:53:23.121 [main] Utils - [Utils] MethodGroupsHelper.sortMethods() took 0 ms.
[INFO ] 2024-12-31 20:53:23.121 [main] Utils - [Utils] MethodGroupsHelper.collectMethodsByGroup() took 0 ms.
[INFO ] 2024-12-31 20:53:23.121 [main] Utils - [Utils] MethodGroupsHelper.sortMethods() took 0 ms.
[INFO ] 2024-12-31 20:53:23.123 [main] Utils - [Utils] MethodGroupsHelper.collectMethodsByGroup() took 0 ms.
[INFO ] 2024-12-31 20:53:23.123 [main] Utils - [Utils] MethodGroupsHelper.sortMethods() took 0 ms.
[INFO ] 2024-12-31 20:53:23.124 [main] Utils - [Utils] MethodGroupsHelper.collectMethodsByGroup() took 0 ms.
[INFO ] 2024-12-31 20:53:23.124 [main] Utils - [Utils] MethodGroupsHelper.sortMethods() took 0 ms.
[INFO ] 2024-12-31 20:53:23.127 [main] Utils - [Utils] MethodGroupsHelper.collectMethodsByGroup() took 0 ms.
[INFO ] 2024-12-31 20:53:23.128 [main] Utils - [Utils] MethodGroupsHelper.sortMethods() took 0 ms.
[INFO ] 2024-12-31 20:53:23.128 [main] Utils - [Utils] MethodGroupsHelper.collectMethodsByGroup() took 0 ms.
[INFO ] 2024-12-31 20:53:23.128 [main] Utils - [Utils] MethodGroupsHelper.sortMethods() took 0 ms.
[INFO ] 2024-12-31 20:53:23.133 [main] Utils - [Utils] MethodGroupsHelper.collectMethodsByGroup() took 3 ms.
[INFO ] 2024-12-31 20:53:23.134 [main] Utils - [Utils] MethodGroupsHelper.sortMethods() took 0 ms.
[INFO ] 2024-12-31 20:53:23.136 [main] Utils - [Utils] MethodGroupsHelper.collectMethodsByGroup() took 0 ms.
[INFO ] 2024-12-31 20:53:23.136 [main] Utils - [Utils] MethodGroupsHelper.sortMethods() took 0 ms.
[INFO ] 2024-12-31 20:53:23.136 [main] Utils - [Utils] MethodGroupsHelper.collectMethodsByGroup() took 0 ms.
[INFO ] 2024-12-31 20:53:23.136 [main] Utils - [Utils] MethodGroupsHelper.sortMethods() took 0 ms.
[INFO ] 2024-12-31 20:53:23.143 [main] Utils - [TestNG] Running:
  D:\Selenium Project\E2EFramwork\testng.xml

[INFO ] 2024-12-31 20:53:23.170 [main] Utils - [Utils] DynamicGraphHelper.createDynamicGraph() took 7 ms.
[INFO ] 2024-12-31 20:53:36.396 [main] Utils - [TestNG] Time taken by org.testng.internal.ExitCodeListener@74fc3fc7: 0 ms
[INFO ] 2024-12-31 20:54:52.195 [main] Utils - [Utils] MethodGroupsHelper.collectMethodsByGroup() took 1 ms.
[INFO ] 2024-12-31 20:54:52.206 [main] Utils - [Utils] MethodGroupsHelper.sortMethods() took 2 ms.
[INFO ] 2024-12-31 20:54:52.208 [main] Utils - [Utils] MethodGroupsHelper.collectMethodsByGroup() took 0 ms.
[INFO ] 2024-12-31 20:54:52.208 [main] Utils - [Utils] MethodGroupsHelper.sortMethods() took 0 ms.
[INFO ] 2024-12-31 20:54:52.209 [main] Utils - [Utils] MethodGroupsHelper.collectMethodsByGroup() took 0 ms.
[INFO ] 2024-12-31 20:54:52.209 [main] Utils - [Utils] MethodGroupsHelper.sortMethods() took 0 ms.
[INFO ] 2024-12-31 20:54:52.210 [main] Utils - [Utils] MethodGroupsHelper.collectMethodsByGroup() took 0 ms.
[INFO ] 2024-12-31 20:54:52.210 [main] Utils - [Utils] MethodGroupsHelper.sortMethods() took 0 ms.
[INFO ] 2024-12-31 20:54:52.217 [main] Utils - [Utils] MethodGroupsHelper.collectMethodsByGroup() took 6 ms.
[INFO ] 2024-12-31 20:54:52.231 [main] Utils - [Utils] MethodGroupsHelper.sortMethods() took 14 ms.
[INFO ] 2024-12-31 20:54:52.232 [main] Utils - [Utils] MethodGroupsHelper.collectMethodsByGroup() took 0 ms.
[INFO ] 2024-12-31 20:54:52.232 [main] Utils - [Utils] MethodGroupsHelper.sortMethods() took 0 ms.
[INFO ] 2024-12-31 20:54:52.233 [main] Utils - [Utils] MethodGroupsHelper.collectMethodsByGroup() took 0 ms.
[INFO ] 2024-12-31 20:54:52.233 [main] Utils - [Utils] MethodGroupsHelper.sortMethods() took 0 ms.
[INFO ] 2024-12-31 20:54:52.233 [main] Utils - [Utils] MethodGroupsHelper.collectMethodsByGroup() took 0 ms.
[INFO ] 2024-12-31 20:54:52.234 [main] Utils - [Utils] MethodGroupsHelper.sortMethods() took 0 ms.
[INFO ] 2024-12-31 20:54:52.236 [main] Utils - [Utils] MethodGroupsHelper.collectMethodsByGroup() took 0 ms.
[INFO ] 2024-12-31 20:54:52.236 [main] Utils - [Utils] MethodGroupsHelper.sortMethods() took 0 ms.
[INFO ] 2024-12-31 20:54:52.236 [main] Utils - [Utils] MethodGroupsHelper.collectMethodsByGroup() took 0 ms.
[INFO ] 2024-12-31 20:54:52.236 [main] Utils - [Utils] MethodGroupsHelper.sortMethods() took 0 ms.
[INFO ] 2024-12-31 20:54:52.241 [main] Utils - [Utils] MethodGroupsHelper.collectMethodsByGroup() took 0 ms.
[INFO ] 2024-12-31 20:54:52.241 [main] Utils - [Utils] MethodGroupsHelper.sortMethods() took 0 ms.
[INFO ] 2024-12-31 20:54:52.241 [main] Utils - [Utils] MethodGroupsHelper.collectMethodsByGroup() took 0 ms.
[INFO ] 2024-12-31 20:54:52.241 [main] Utils - [Utils] MethodGroupsHelper.sortMethods() took 0 ms.
[INFO ] 2024-12-31 20:54:52.245 [main] Utils - [Utils] MethodGroupsHelper.collectMethodsByGroup() took 3 ms.
[INFO ] 2024-12-31 20:54:52.246 [main] Utils - [Utils] MethodGroupsHelper.sortMethods() took 0 ms.
[INFO ] 2024-12-31 20:54:52.248 [main] Utils - [Utils] MethodGroupsHelper.collectMethodsByGroup() took 0 ms.
[INFO ] 2024-12-31 20:54:52.249 [main] Utils - [Utils] MethodGroupsHelper.sortMethods() took 0 ms.
[INFO ] 2024-12-31 20:54:52.249 [main] Utils - [Utils] MethodGroupsHelper.collectMethodsByGroup() took 0 ms.
[INFO ] 2024-12-31 20:54:52.249 [main] Utils - [Utils] MethodGroupsHelper.sortMethods() took 0 ms.
[INFO ] 2024-12-31 20:54:52.256 [main] Utils - [TestNG] Running:
  D:\Selenium Project\E2EFramwork\testng.xml

[INFO ] 2024-12-31 20:54:52.275 [main] Utils - [Utils] DynamicGraphHelper.createDynamicGraph() took 5 ms.
[INFO ] 2024-12-31 20:55:07.281 [main] Utils - [TestNG] Time taken by org.testng.internal.ExitCodeListener@3d235635: 0 ms
[INFO ] 2024-12-31 21:09:21.700 [main] Utils - [Utils] MethodGroupsHelper.collectMethodsByGroup() took 0 ms.
[INFO ] 2024-12-31 21:09:21.711 [main] Utils - [Utils] MethodGroupsHelper.sortMethods() took 1 ms.
[INFO ] 2024-12-31 21:09:21.714 [main] Utils - [Utils] MethodGroupsHelper.collectMethodsByGroup() took 0 ms.
[INFO ] 2024-12-31 21:09:21.715 [main] Utils - [Utils] MethodGroupsHelper.sortMethods() took 0 ms.
[INFO ] 2024-12-31 21:09:21.715 [main] Utils - [Utils] MethodGroupsHelper.collectMethodsByGroup() took 0 ms.
[INFO ] 2024-12-31 21:09:21.715 [main] Utils - [Utils] MethodGroupsHelper.sortMethods() took 0 ms.
[INFO ] 2024-12-31 21:09:21.717 [main] Utils - [Utils] MethodGroupsHelper.collectMethodsByGroup() took 0 ms.
[INFO ] 2024-12-31 21:09:21.717 [main] Utils - [Utils] MethodGroupsHelper.sortMethods() took 0 ms.
[INFO ] 2024-12-31 21:09:21.726 [main] Utils - [Utils] MethodGroupsHelper.collectMethodsByGroup() took 6 ms.
[INFO ] 2024-12-31 21:09:21.739 [main] Utils - [Utils] MethodGroupsHelper.sortMethods() took 12 ms.
[INFO ] 2024-12-31 21:09:21.740 [main] Utils - [Utils] MethodGroupsHelper.collectMethodsByGroup() took 0 ms.
[INFO ] 2024-12-31 21:09:21.740 [main] Utils - [Utils] MethodGroupsHelper.sortMethods() took 0 ms.
[INFO ] 2024-12-31 21:09:21.741 [main] Utils - [Utils] MethodGroupsHelper.collectMethodsByGroup() took 0 ms.
[INFO ] 2024-12-31 21:09:21.742 [main] Utils - [Utils] MethodGroupsHelper.sortMethods() took 0 ms.
[INFO ] 2024-12-31 21:09:21.742 [main] Utils - [Utils] MethodGroupsHelper.collectMethodsByGroup() took 0 ms.
[INFO ] 2024-12-31 21:09:21.742 [main] Utils - [Utils] MethodGroupsHelper.sortMethods() took 0 ms.
[INFO ] 2024-12-31 21:09:21.744 [main] Utils - [Utils] MethodGroupsHelper.collectMethodsByGroup() took 0 ms.
[INFO ] 2024-12-31 21:09:21.744 [main] Utils - [Utils] MethodGroupsHelper.sortMethods() took 0 ms.
[INFO ] 2024-12-31 21:09:21.745 [main] Utils - [Utils] MethodGroupsHelper.collectMethodsByGroup() took 0 ms.
[INFO ] 2024-12-31 21:09:21.745 [main] Utils - [Utils] MethodGroupsHelper.sortMethods() took 0 ms.
[INFO ] 2024-12-31 21:09:21.749 [main] Utils - [Utils] MethodGroupsHelper.collectMethodsByGroup() took 0 ms.
[INFO ] 2024-12-31 21:09:21.750 [main] Utils - [Utils] MethodGroupsHelper.sortMethods() took 0 ms.
[INFO ] 2024-12-31 21:09:21.750 [main] Utils - [Utils] MethodGroupsHelper.collectMethodsByGroup() took 0 ms.
[INFO ] 2024-12-31 21:09:21.750 [main] Utils - [Utils] MethodGroupsHelper.sortMethods() took 0 ms.
[INFO ] 2024-12-31 21:09:21.754 [main] Utils - [Utils] MethodGroupsHelper.collectMethodsByGroup() took 2 ms.
[INFO ] 2024-12-31 21:09:21.754 [main] Utils - [Utils] MethodGroupsHelper.sortMethods() took 0 ms.
[INFO ] 2024-12-31 21:09:21.756 [main] Utils - [Utils] MethodGroupsHelper.collectMethodsByGroup() took 0 ms.
[INFO ] 2024-12-31 21:09:21.757 [main] Utils - [Utils] MethodGroupsHelper.sortMethods() took 0 ms.
[INFO ] 2024-12-31 21:09:21.757 [main] Utils - [Utils] MethodGroupsHelper.collectMethodsByGroup() took 0 ms.
[INFO ] 2024-12-31 21:09:21.757 [main] Utils - [Utils] MethodGroupsHelper.sortMethods() took 0 ms.
[INFO ] 2024-12-31 21:09:21.764 [main] Utils - [TestNG] Running:
  D:\Selenium Project\E2EFramwork\testng.xml

[INFO ] 2024-12-31 21:09:21.786 [main] Utils - [Utils] DynamicGraphHelper.createDynamicGraph() took 6 ms.
[INFO ] 2024-12-31 21:09:48.822 [main] Utils - [TestNG] Time taken by org.testng.internal.ExitCodeListener@4a833595: 0 ms
[INFO ] 2024-12-31 21:12:08.450 [main] Utils - [Warning] The regular expression "addProduct" didn't match any method in class Tests.ProductTest
[INFO ] 2024-12-31 21:12:08.533 [main] Utils - [Utils] MethodGroupsHelper.collectMethodsByGroup() took 0 ms.
[INFO ] 2024-12-31 21:12:08.536 [main] Utils - [Utils] MethodGroupsHelper.sortMethods() took 2 ms.
[INFO ] 2024-12-31 21:12:08.538 [main] Utils - [Utils] MethodGroupsHelper.collectMethodsByGroup() took 0 ms.
[INFO ] 2024-12-31 21:12:08.538 [main] Utils - [Utils] MethodGroupsHelper.sortMethods() took 0 ms.
[INFO ] 2024-12-31 21:12:08.539 [main] Utils - [Utils] MethodGroupsHelper.collectMethodsByGroup() took 0 ms.
[INFO ] 2024-12-31 21:12:08.539 [main] Utils - [Utils] MethodGroupsHelper.sortMethods() took 0 ms.
[INFO ] 2024-12-31 21:12:08.540 [main] Utils - [Utils] MethodGroupsHelper.collectMethodsByGroup() took 0 ms.
[INFO ] 2024-12-31 21:12:08.541 [main] Utils - [Utils] MethodGroupsHelper.sortMethods() took 0 ms.
[INFO ] 2024-12-31 21:12:08.549 [main] Utils - [Utils] MethodGroupsHelper.collectMethodsByGroup() took 6 ms.
[INFO ] 2024-12-31 21:12:08.563 [main] Utils - [Utils] MethodGroupsHelper.sortMethods() took 14 ms.
[INFO ] 2024-12-31 21:12:08.563 [main] Utils - [Utils] MethodGroupsHelper.collectMethodsByGroup() took 0 ms.
[INFO ] 2024-12-31 21:12:08.565 [main] Utils - [Utils] MethodGroupsHelper.sortMethods() took 1 ms.
[INFO ] 2024-12-31 21:12:08.565 [main] Utils - [Utils] MethodGroupsHelper.collectMethodsByGroup() took 0 ms.
[INFO ] 2024-12-31 21:12:08.565 [main] Utils - [Utils] MethodGroupsHelper.sortMethods() took 0 ms.
[INFO ] 2024-12-31 21:12:08.565 [main] Utils - [Utils] MethodGroupsHelper.collectMethodsByGroup() took 0 ms.
[INFO ] 2024-12-31 21:12:08.565 [main] Utils - [Utils] MethodGroupsHelper.sortMethods() took 0 ms.
[INFO ] 2024-12-31 21:12:08.567 [main] Utils - [Utils] MethodGroupsHelper.collectMethodsByGroup() took 0 ms.
[INFO ] 2024-12-31 21:12:08.567 [main] Utils - [Utils] MethodGroupsHelper.sortMethods() took 0 ms.
[INFO ] 2024-12-31 21:12:08.568 [main] Utils - [Utils] MethodGroupsHelper.collectMethodsByGroup() took 0 ms.
[INFO ] 2024-12-31 21:12:08.568 [main] Utils - [Utils] MethodGroupsHelper.sortMethods() took 0 ms.
[INFO ] 2024-12-31 21:12:08.571 [main] Utils - [Utils] MethodGroupsHelper.collectMethodsByGroup() took 0 ms.
[INFO ] 2024-12-31 21:12:08.571 [main] Utils - [Utils] MethodGroupsHelper.sortMethods() took 0 ms.
[INFO ] 2024-12-31 21:12:08.571 [main] Utils - [Utils] MethodGroupsHelper.collectMethodsByGroup() took 0 ms.
[INFO ] 2024-12-31 21:12:08.573 [main] Utils - [Utils] MethodGroupsHelper.sortMethods() took 0 ms.
[INFO ] 2024-12-31 21:12:08.576 [main] Utils - [Utils] MethodGroupsHelper.collectMethodsByGroup() took 3 ms.
[INFO ] 2024-12-31 21:12:08.576 [main] Utils - [Utils] MethodGroupsHelper.sortMethods() took 0 ms.
[INFO ] 2024-12-31 21:12:08.577 [main] Utils - [Utils] MethodGroupsHelper.collectMethodsByGroup() took 0 ms.
[INFO ] 2024-12-31 21:12:08.579 [main] Utils - [Utils] MethodGroupsHelper.sortMethods() took 0 ms.
[INFO ] 2024-12-31 21:12:08.579 [main] Utils - [Utils] MethodGroupsHelper.collectMethodsByGroup() took 0 ms.
[INFO ] 2024-12-31 21:12:08.579 [main] Utils - [Utils] MethodGroupsHelper.sortMethods() took 0 ms.
[INFO ] 2024-12-31 21:12:08.586 [main] Utils - [TestNG] Running:
  D:\Selenium Project\E2EFramwork\testng.xml

[INFO ] 2024-12-31 21:12:08.615 [main] Utils - [Utils] DynamicGraphHelper.createDynamicGraph() took 7 ms.
[INFO ] 2024-12-31 21:12:08.771 [main] Utils - [TestNG] Time taken by org.testng.internal.ExitCodeListener@5f0bab7e: 0 ms
[INFO ] 2024-12-31 21:26:12.006 [main] Utils - [Utils] MethodGroupsHelper.collectMethodsByGroup() took 0 ms.
[INFO ] 2024-12-31 21:26:12.019 [main] Utils - [Utils] MethodGroupsHelper.sortMethods() took 3 ms.
[INFO ] 2024-12-31 21:26:12.022 [main] Utils - [Utils] MethodGroupsHelper.collectMethodsByGroup() took 0 ms.
[INFO ] 2024-12-31 21:26:12.022 [main] Utils - [Utils] MethodGroupsHelper.sortMethods() took 0 ms.
[INFO ] 2024-12-31 21:26:12.022 [main] Utils - [Utils] MethodGroupsHelper.collectMethodsByGroup() took 0 ms.
[INFO ] 2024-12-31 21:26:12.022 [main] Utils - [Utils] MethodGroupsHelper.sortMethods() took 0 ms.
[INFO ] 2024-12-31 21:26:12.024 [main] Utils - [Utils] MethodGroupsHelper.collectMethodsByGroup() took 0 ms.
[INFO ] 2024-12-31 21:26:12.024 [main] Utils - [Utils] MethodGroupsHelper.sortMethods() took 0 ms.
[INFO ] 2024-12-31 21:26:12.034 [main] Utils - [Utils] MethodGroupsHelper.collectMethodsByGroup() took 9 ms.
[INFO ] 2024-12-31 21:26:12.048 [main] Utils - [Utils] MethodGroupsHelper.sortMethods() took 14 ms.
[INFO ] 2024-12-31 21:26:12.050 [main] Utils - [Utils] MethodGroupsHelper.collectMethodsByGroup() took 0 ms.
[INFO ] 2024-12-31 21:26:12.050 [main] Utils - [Utils] MethodGroupsHelper.sortMethods() took 0 ms.
[INFO ] 2024-12-31 21:26:12.052 [main] Utils - [Utils] MethodGroupsHelper.collectMethodsByGroup() took 0 ms.
[INFO ] 2024-12-31 21:26:12.052 [main] Utils - [Utils] MethodGroupsHelper.sortMethods() took 0 ms.
[INFO ] 2024-12-31 21:26:12.052 [main] Utils - [Utils] MethodGroupsHelper.collectMethodsByGroup() took 0 ms.
[INFO ] 2024-12-31 21:26:12.052 [main] Utils - [Utils] MethodGroupsHelper.sortMethods() took 0 ms.
[INFO ] 2024-12-31 21:26:12.055 [main] Utils - [Utils] MethodGroupsHelper.collectMethodsByGroup() took 0 ms.
[INFO ] 2024-12-31 21:26:12.055 [main] Utils - [Utils] MethodGroupsHelper.sortMethods() took 0 ms.
[INFO ] 2024-12-31 21:26:12.055 [main] Utils - [Utils] MethodGroupsHelper.collectMethodsByGroup() took 0 ms.
[INFO ] 2024-12-31 21:26:12.055 [main] Utils - [Utils] MethodGroupsHelper.sortMethods() took 0 ms.
[INFO ] 2024-12-31 21:26:12.060 [main] Utils - [Utils] MethodGroupsHelper.collectMethodsByGroup() took 0 ms.
[INFO ] 2024-12-31 21:26:12.060 [main] Utils - [Utils] MethodGroupsHelper.sortMethods() took 0 ms.
[INFO ] 2024-12-31 21:26:12.060 [main] Utils - [Utils] MethodGroupsHelper.collectMethodsByGroup() took 0 ms.
[INFO ] 2024-12-31 21:26:12.061 [main] Utils - [Utils] MethodGroupsHelper.sortMethods() took 0 ms.
[INFO ] 2024-12-31 21:26:12.065 [main] Utils - [Utils] MethodGroupsHelper.collectMethodsByGroup() took 3 ms.
[INFO ] 2024-12-31 21:26:12.065 [main] Utils - [Utils] MethodGroupsHelper.sortMethods() took 0 ms.
[INFO ] 2024-12-31 21:26:12.067 [main] Utils - [Utils] MethodGroupsHelper.collectMethodsByGroup() took 0 ms.
[INFO ] 2024-12-31 21:26:12.067 [main] Utils - [Utils] MethodGroupsHelper.sortMethods() took 0 ms.
[INFO ] 2024-12-31 21:26:12.068 [main] Utils - [Utils] MethodGroupsHelper.collectMethodsByGroup() took 0 ms.
[INFO ] 2024-12-31 21:26:12.068 [main] Utils - [Utils] MethodGroupsHelper.sortMethods() took 0 ms.
[INFO ] 2024-12-31 21:26:12.075 [main] Utils - [TestNG] Running:
  D:\Selenium Project\E2EFramwork\testng.xml

[INFO ] 2024-12-31 21:26:12.101 [main] Utils - [Utils] DynamicGraphHelper.createDynamicGraph() took 4 ms.
[INFO ] 2024-12-31 21:26:33.870 [main] Utils - [TestNG] Time taken by org.testng.internal.ExitCodeListener@1c6ac73c: 0 ms
[INFO ] 2024-12-31 21:26:55.077 [main] Utils - [Utils] MethodGroupsHelper.collectMethodsByGroup() took 1 ms.
[INFO ] 2024-12-31 21:26:55.090 [main] Utils - [Utils] MethodGroupsHelper.sortMethods() took 4 ms.
[INFO ] 2024-12-31 21:26:55.095 [main] Utils - [Utils] MethodGroupsHelper.collectMethodsByGroup() took 0 ms.
[INFO ] 2024-12-31 21:26:55.096 [main] Utils - [Utils] MethodGroupsHelper.sortMethods() took 0 ms.
[INFO ] 2024-12-31 21:26:55.097 [main] Utils - [Utils] MethodGroupsHelper.collectMethodsByGroup() took 0 ms.
[INFO ] 2024-12-31 21:26:55.097 [main] Utils - [Utils] MethodGroupsHelper.sortMethods() took 0 ms.
[INFO ] 2024-12-31 21:26:55.097 [main] Utils - [Utils] MethodGroupsHelper.collectMethodsByGroup() took 0 ms.
[INFO ] 2024-12-31 21:26:55.098 [main] Utils - [Utils] MethodGroupsHelper.sortMethods() took 0 ms.
[INFO ] 2024-12-31 21:26:55.108 [main] Utils - [Utils] MethodGroupsHelper.collectMethodsByGroup() took 8 ms.
[INFO ] 2024-12-31 21:26:55.130 [main] Utils - [Utils] MethodGroupsHelper.sortMethods() took 21 ms.
[INFO ] 2024-12-31 21:26:55.131 [main] Utils - [Utils] MethodGroupsHelper.collectMethodsByGroup() took 0 ms.
[INFO ] 2024-12-31 21:26:55.132 [main] Utils - [Utils] MethodGroupsHelper.sortMethods() took 1 ms.
[INFO ] 2024-12-31 21:26:55.133 [main] Utils - [Utils] MethodGroupsHelper.collectMethodsByGroup() took 0 ms.
[INFO ] 2024-12-31 21:26:55.133 [main] Utils - [Utils] MethodGroupsHelper.sortMethods() took 0 ms.
[INFO ] 2024-12-31 21:26:55.133 [main] Utils - [Utils] MethodGroupsHelper.collectMethodsByGroup() took 0 ms.
[INFO ] 2024-12-31 21:26:55.133 [main] Utils - [Utils] MethodGroupsHelper.sortMethods() took 0 ms.
[INFO ] 2024-12-31 21:26:55.135 [main] Utils - [Utils] MethodGroupsHelper.collectMethodsByGroup() took 0 ms.
[INFO ] 2024-12-31 21:26:55.136 [main] Utils - [Utils] MethodGroupsHelper.sortMethods() took 0 ms.
[INFO ] 2024-12-31 21:26:55.136 [main] Utils - [Utils] MethodGroupsHelper.collectMethodsByGroup() took 0 ms.
[INFO ] 2024-12-31 21:26:55.136 [main] Utils - [Utils] MethodGroupsHelper.sortMethods() took 0 ms.
[INFO ] 2024-12-31 21:26:55.138 [main] Utils - [Utils] MethodGroupsHelper.collectMethodsByGroup() took 0 ms.
[INFO ] 2024-12-31 21:26:55.139 [main] Utils - [Utils] MethodGroupsHelper.sortMethods() took 0 ms.
[INFO ] 2024-12-31 21:26:55.139 [main] Utils - [Utils] MethodGroupsHelper.collectMethodsByGroup() took 0 ms.
[INFO ] 2024-12-31 21:26:55.139 [main] Utils - [Utils] MethodGroupsHelper.sortMethods() took 0 ms.
[INFO ] 2024-12-31 21:26:55.140 [main] Utils - [Utils] MethodGroupsHelper.collectMethodsByGroup() took 0 ms.
[INFO ] 2024-12-31 21:26:55.141 [main] Utils - [Utils] MethodGroupsHelper.sortMethods() took 0 ms.
[INFO ] 2024-12-31 21:26:55.141 [main] Utils - [Utils] MethodGroupsHelper.collectMethodsByGroup() took 0 ms.
[INFO ] 2024-12-31 21:26:55.142 [main] Utils - [Utils] MethodGroupsHelper.sortMethods() took 0 ms.
[INFO ] 2024-12-31 21:26:55.143 [main] Utils - [Utils] MethodGroupsHelper.collectMethodsByGroup() took 0 ms.
[INFO ] 2024-12-31 21:26:55.143 [main] Utils - [Utils] MethodGroupsHelper.sortMethods() took 0 ms.
[INFO ] 2024-12-31 21:26:55.144 [main] Utils - [Utils] MethodGroupsHelper.collectMethodsByGroup() took 0 ms.
[INFO ] 2024-12-31 21:26:55.144 [main] Utils - [Utils] MethodGroupsHelper.sortMethods() took 0 ms.
[INFO ] 2024-12-31 21:26:55.145 [main] Utils - [Utils] MethodGroupsHelper.collectMethodsByGroup() took 0 ms.
[INFO ] 2024-12-31 21:26:55.145 [main] Utils - [Utils] MethodGroupsHelper.sortMethods() took 0 ms.
[INFO ] 2024-12-31 21:26:55.146 [main] Utils - [Utils] MethodGroupsHelper.collectMethodsByGroup() took 0 ms.
[INFO ] 2024-12-31 21:26:55.146 [main] Utils - [Utils] MethodGroupsHelper.sortMethods() took 0 ms.
[INFO ] 2024-12-31 21:26:55.147 [main] Utils - [Utils] MethodGroupsHelper.collectMethodsByGroup() took 0 ms.
[INFO ] 2024-12-31 21:26:55.147 [main] Utils - [Utils] MethodGroupsHelper.sortMethods() took 0 ms.
[INFO ] 2024-12-31 21:26:55.147 [main] Utils - [Utils] MethodGroupsHelper.collectMethodsByGroup() took 0 ms.
[INFO ] 2024-12-31 21:26:55.147 [main] Utils - [Utils] MethodGroupsHelper.sortMethods() took 0 ms.
[INFO ] 2024-12-31 21:26:55.149 [main] Utils - [Utils] MethodGroupsHelper.collectMethodsByGroup() took 0 ms.
[INFO ] 2024-12-31 21:26:55.149 [main] Utils - [Utils] MethodGroupsHelper.sortMethods() took 0 ms.
[INFO ] 2024-12-31 21:26:55.149 [main] Utils - [Utils] MethodGroupsHelper.collectMethodsByGroup() took 0 ms.
[INFO ] 2024-12-31 21:26:55.149 [main] Utils - [Utils] MethodGroupsHelper.sortMethods() took 0 ms.
[INFO ] 2024-12-31 21:26:55.150 [main] Utils - [Utils] MethodGroupsHelper.collectMethodsByGroup() took 0 ms.
[INFO ] 2024-12-31 21:26:55.150 [main] Utils - [Utils] MethodGroupsHelper.sortMethods() took 0 ms.
[INFO ] 2024-12-31 21:26:55.150 [main] Utils - [Utils] MethodGroupsHelper.collectMethodsByGroup() took 0 ms.
[INFO ] 2024-12-31 21:26:55.151 [main] Utils - [Utils] MethodGroupsHelper.sortMethods() took 0 ms.
[INFO ] 2024-12-31 21:26:55.151 [main] Utils - [Utils] MethodGroupsHelper.collectMethodsByGroup() took 0 ms.
[INFO ] 2024-12-31 21:26:55.152 [main] Utils - [Utils] MethodGroupsHelper.sortMethods() took 1 ms.
[INFO ] 2024-12-31 21:26:55.153 [main] Utils - [Utils] MethodGroupsHelper.collectMethodsByGroup() took 0 ms.
[INFO ] 2024-12-31 21:26:55.153 [main] Utils - [Utils] MethodGroupsHelper.sortMethods() took 0 ms.
[INFO ] 2024-12-31 21:26:55.154 [main] Utils - [Utils] MethodGroupsHelper.collectMethodsByGroup() took 0 ms.
[INFO ] 2024-12-31 21:26:55.154 [main] Utils - [Utils] MethodGroupsHelper.sortMethods() took 0 ms.
[INFO ] 2024-12-31 21:26:55.154 [main] Utils - [Utils] MethodGroupsHelper.collectMethodsByGroup() took 0 ms.
[INFO ] 2024-12-31 21:26:55.154 [main] Utils - [Utils] MethodGroupsHelper.sortMethods() took 0 ms.
[INFO ] 2024-12-31 21:26:55.154 [main] Utils - [Utils] MethodGroupsHelper.collectMethodsByGroup() took 0 ms.
[INFO ] 2024-12-31 21:26:55.154 [main] Utils - [Utils] MethodGroupsHelper.sortMethods() took 0 ms.
[INFO ] 2024-12-31 21:26:55.155 [main] Utils - [Utils] MethodGroupsHelper.collectMethodsByGroup() took 0 ms.
[INFO ] 2024-12-31 21:26:55.155 [main] Utils - [Utils] MethodGroupsHelper.sortMethods() took 0 ms.
[INFO ] 2024-12-31 21:26:55.157 [main] Utils - [Utils] MethodGroupsHelper.collectMethodsByGroup() took 0 ms.
[INFO ] 2024-12-31 21:26:55.157 [main] Utils - [Utils] MethodGroupsHelper.sortMethods() took 0 ms.
[INFO ] 2024-12-31 21:26:55.158 [main] Utils - [Utils] MethodGroupsHelper.collectMethodsByGroup() took 0 ms.
[INFO ] 2024-12-31 21:26:55.158 [main] Utils - [Utils] MethodGroupsHelper.sortMethods() took 0 ms.
[INFO ] 2024-12-31 21:26:55.159 [main] Utils - [Utils] MethodGroupsHelper.collectMethodsByGroup() took 0 ms.
[INFO ] 2024-12-31 21:26:55.159 [main] Utils - [Utils] MethodGroupsHelper.sortMethods() took 0 ms.
[INFO ] 2024-12-31 21:26:55.160 [main] Utils - [Utils] MethodGroupsHelper.collectMethodsByGroup() took 0 ms.
[INFO ] 2024-12-31 21:26:55.160 [main] Utils - [Utils] MethodGroupsHelper.sortMethods() took 0 ms.
[INFO ] 2024-12-31 21:26:55.161 [main] Utils - [Utils] MethodGroupsHelper.collectMethodsByGroup() took 1 ms.
[INFO ] 2024-12-31 21:26:55.161 [main] Utils - [Utils] MethodGroupsHelper.sortMethods() took 0 ms.
[INFO ] 2024-12-31 21:26:55.162 [main] Utils - [Utils] MethodGroupsHelper.collectMethodsByGroup() took 0 ms.
[INFO ] 2024-12-31 21:26:55.162 [main] Utils - [Utils] MethodGroupsHelper.sortMethods() took 0 ms.
[INFO ] 2024-12-31 21:26:55.163 [main] Utils - [Utils] MethodGroupsHelper.collectMethodsByGroup() took 0 ms.
[INFO ] 2024-12-31 21:26:55.163 [main] Utils - [Utils] MethodGroupsHelper.sortMethods() took 0 ms.
[INFO ] 2024-12-31 21:26:55.163 [main] Utils - [Utils] MethodGroupsHelper.collectMethodsByGroup() took 0 ms.
[INFO ] 2024-12-31 21:26:55.163 [main] Utils - [Utils] MethodGroupsHelper.sortMethods() took 0 ms.
[INFO ] 2024-12-31 21:26:55.163 [main] Utils - [Utils] MethodGroupsHelper.collectMethodsByGroup() took 0 ms.
[INFO ] 2024-12-31 21:26:55.164 [main] Utils - [Utils] MethodGroupsHelper.sortMethods() took 0 ms.
[INFO ] 2024-12-31 21:26:55.164 [main] Utils - [Utils] MethodGroupsHelper.collectMethodsByGroup() took 0 ms.
[INFO ] 2024-12-31 21:26:55.165 [main] Utils - [Utils] MethodGroupsHelper.sortMethods() took 0 ms.
[INFO ] 2024-12-31 21:26:55.166 [main] Utils - [Utils] MethodGroupsHelper.collectMethodsByGroup() took 0 ms.
[INFO ] 2024-12-31 21:26:55.167 [main] Utils - [Utils] MethodGroupsHelper.sortMethods() took 0 ms.
[INFO ] 2024-12-31 21:26:55.167 [main] Utils - [Utils] MethodGroupsHelper.collectMethodsByGroup() took 0 ms.
[INFO ] 2024-12-31 21:26:55.167 [main] Utils - [Utils] MethodGroupsHelper.sortMethods() took 0 ms.
[INFO ] 2024-12-31 21:26:55.167 [main] Utils - [Utils] MethodGroupsHelper.collectMethodsByGroup() took 0 ms.
[INFO ] 2024-12-31 21:26:55.167 [main] Utils - [Utils] MethodGroupsHelper.sortMethods() took 0 ms.
[INFO ] 2024-12-31 21:26:55.168 [main] Utils - [Utils] MethodGroupsHelper.collectMethodsByGroup() took 0 ms.
[INFO ] 2024-12-31 21:26:55.168 [main] Utils - [Utils] MethodGroupsHelper.sortMethods() took 0 ms.
[INFO ] 2024-12-31 21:26:55.169 [main] Utils - [Utils] MethodGroupsHelper.collectMethodsByGroup() took 0 ms.
[INFO ] 2024-12-31 21:26:55.169 [main] Utils - [Utils] MethodGroupsHelper.sortMethods() took 0 ms.
[INFO ] 2024-12-31 21:26:55.170 [main] Utils - [Utils] MethodGroupsHelper.collectMethodsByGroup() took 0 ms.
[INFO ] 2024-12-31 21:26:55.170 [main] Utils - [Utils] MethodGroupsHelper.sortMethods() took 0 ms.
[INFO ] 2024-12-31 21:26:55.171 [main] Utils - [Utils] MethodGroupsHelper.collectMethodsByGroup() took 0 ms.
[INFO ] 2024-12-31 21:26:55.171 [main] Utils - [Utils] MethodGroupsHelper.sortMethods() took 0 ms.
[INFO ] 2024-12-31 21:26:55.171 [main] Utils - [Utils] MethodGroupsHelper.collectMethodsByGroup() took 0 ms.
[INFO ] 2024-12-31 21:26:55.171 [main] Utils - [Utils] MethodGroupsHelper.sortMethods() took 0 ms.
[INFO ] 2024-12-31 21:26:55.171 [main] Utils - [Utils] MethodGroupsHelper.collectMethodsByGroup() took 0 ms.
[INFO ] 2024-12-31 21:26:55.171 [main] Utils - [Utils] MethodGroupsHelper.sortMethods() took 0 ms.
[INFO ] 2024-12-31 21:26:55.172 [main] Utils - [Utils] MethodGroupsHelper.collectMethodsByGroup() took 0 ms.
[INFO ] 2024-12-31 21:26:55.172 [main] Utils - [Utils] MethodGroupsHelper.sortMethods() took 0 ms.
[INFO ] 2024-12-31 21:26:55.174 [main] Utils - [Utils] MethodGroupsHelper.collectMethodsByGroup() took 0 ms.
[INFO ] 2024-12-31 21:26:55.174 [main] Utils - [Utils] MethodGroupsHelper.sortMethods() took 0 ms.
[INFO ] 2024-12-31 21:26:55.174 [main] Utils - [Utils] MethodGroupsHelper.collectMethodsByGroup() took 0 ms.
[INFO ] 2024-12-31 21:26:55.174 [main] Utils - [Utils] MethodGroupsHelper.sortMethods() took 0 ms.
[INFO ] 2024-12-31 21:26:55.175 [main] Utils - [Utils] MethodGroupsHelper.collectMethodsByGroup() took 0 ms.
[INFO ] 2024-12-31 21:26:55.175 [main] Utils - [Utils] MethodGroupsHelper.sortMethods() took 0 ms.
[INFO ] 2024-12-31 21:26:55.175 [main] Utils - [Utils] MethodGroupsHelper.collectMethodsByGroup() took 0 ms.
[INFO ] 2024-12-31 21:26:55.175 [main] Utils - [Utils] MethodGroupsHelper.sortMethods() took 0 ms.
[INFO ] 2024-12-31 21:26:55.176 [main] Utils - [Utils] MethodGroupsHelper.collectMethodsByGroup() took 0 ms.
[INFO ] 2024-12-31 21:26:55.176 [main] Utils - [Utils] MethodGroupsHelper.sortMethods() took 0 ms.
[INFO ] 2024-12-31 21:26:55.177 [main] Utils - [Utils] MethodGroupsHelper.collectMethodsByGroup() took 0 ms.
[INFO ] 2024-12-31 21:26:55.177 [main] Utils - [Utils] MethodGroupsHelper.sortMethods() took 0 ms.
[INFO ] 2024-12-31 21:26:55.177 [main] Utils - [Utils] MethodGroupsHelper.collectMethodsByGroup() took 0 ms.
[INFO ] 2024-12-31 21:26:55.178 [main] Utils - [Utils] MethodGroupsHelper.sortMethods() took 0 ms.
[INFO ] 2024-12-31 21:26:55.178 [main] Utils - [Utils] MethodGroupsHelper.collectMethodsByGroup() took 0 ms.
[INFO ] 2024-12-31 21:26:55.178 [main] Utils - [Utils] MethodGroupsHelper.sortMethods() took 0 ms.
[INFO ] 2024-12-31 21:26:55.178 [main] Utils - [Utils] MethodGroupsHelper.collectMethodsByGroup() took 0 ms.
[INFO ] 2024-12-31 21:26:55.179 [main] Utils - [Utils] MethodGroupsHelper.sortMethods() took 0 ms.
[INFO ] 2024-12-31 21:26:55.179 [main] Utils - [Utils] MethodGroupsHelper.collectMethodsByGroup() took 0 ms.
[INFO ] 2024-12-31 21:26:55.179 [main] Utils - [Utils] MethodGroupsHelper.sortMethods() took 0 ms.
[INFO ] 2024-12-31 21:26:55.181 [main] Utils - [Utils] MethodGroupsHelper.collectMethodsByGroup() took 0 ms.
[INFO ] 2024-12-31 21:26:55.181 [main] Utils - [Utils] MethodGroupsHelper.sortMethods() took 0 ms.
[INFO ] 2024-12-31 21:26:55.181 [main] Utils - [Utils] MethodGroupsHelper.collectMethodsByGroup() took 0 ms.
[INFO ] 2024-12-31 21:26:55.182 [main] Utils - [Utils] MethodGroupsHelper.sortMethods() took 0 ms.
[INFO ] 2024-12-31 21:26:55.182 [main] Utils - [Utils] MethodGroupsHelper.collectMethodsByGroup() took 0 ms.
[INFO ] 2024-12-31 21:26:55.182 [main] Utils - [Utils] MethodGroupsHelper.sortMethods() took 0 ms.
[INFO ] 2024-12-31 21:26:55.183 [main] Utils - [Utils] MethodGroupsHelper.collectMethodsByGroup() took 0 ms.
[INFO ] 2024-12-31 21:26:55.183 [main] Utils - [Utils] MethodGroupsHelper.sortMethods() took 0 ms.
[INFO ] 2024-12-31 21:26:55.183 [main] Utils - [Utils] MethodGroupsHelper.collectMethodsByGroup() took 0 ms.
[INFO ] 2024-12-31 21:26:55.184 [main] Utils - [Utils] MethodGroupsHelper.sortMethods() took 0 ms.
[INFO ] 2024-12-31 21:26:55.184 [main] Utils - [Utils] MethodGroupsHelper.collectMethodsByGroup() took 0 ms.
[INFO ] 2024-12-31 21:26:55.184 [main] Utils - [Utils] MethodGroupsHelper.sortMethods() took 0 ms.
[INFO ] 2024-12-31 21:26:55.185 [main] Utils - [Utils] MethodGroupsHelper.collectMethodsByGroup() took 0 ms.
[INFO ] 2024-12-31 21:26:55.185 [main] Utils - [Utils] MethodGroupsHelper.sortMethods() took 0 ms.
[INFO ] 2024-12-31 21:26:55.186 [main] Utils - [Utils] MethodGroupsHelper.collectMethodsByGroup() took 0 ms.
[INFO ] 2024-12-31 21:26:55.186 [main] Utils - [Utils] MethodGroupsHelper.sortMethods() took 0 ms.
[INFO ] 2024-12-31 21:26:55.186 [main] Utils - [Utils] MethodGroupsHelper.collectMethodsByGroup() took 0 ms.
[INFO ] 2024-12-31 21:26:55.186 [main] Utils - [Utils] MethodGroupsHelper.sortMethods() took 0 ms.
[INFO ] 2024-12-31 21:26:55.186 [main] Utils - [Utils] MethodGroupsHelper.collectMethodsByGroup() took 0 ms.
[INFO ] 2024-12-31 21:26:55.186 [main] Utils - [Utils] MethodGroupsHelper.sortMethods() took 0 ms.
[INFO ] 2024-12-31 21:26:55.188 [main] Utils - [Utils] MethodGroupsHelper.collectMethodsByGroup() took 0 ms.
[INFO ] 2024-12-31 21:26:55.188 [main] Utils - [Utils] MethodGroupsHelper.sortMethods() took 0 ms.
[INFO ] 2024-12-31 21:26:55.189 [main] Utils - [Utils] MethodGroupsHelper.collectMethodsByGroup() took 0 ms.
[INFO ] 2024-12-31 21:26:55.189 [main] Utils - [Utils] MethodGroupsHelper.sortMethods() took 0 ms.
[INFO ] 2024-12-31 21:26:55.190 [main] Utils - [Utils] MethodGroupsHelper.collectMethodsByGroup() took 0 ms.
[INFO ] 2024-12-31 21:26:55.190 [main] Utils - [Utils] MethodGroupsHelper.sortMethods() took 0 ms.
[INFO ] 2024-12-31 21:26:55.190 [main] Utils - [Utils] MethodGroupsHelper.collectMethodsByGroup() took 0 ms.
[INFO ] 2024-12-31 21:26:55.190 [main] Utils - [Utils] MethodGroupsHelper.sortMethods() took 0 ms.
[INFO ] 2024-12-31 21:26:55.191 [main] Utils - [Utils] MethodGroupsHelper.collectMethodsByGroup() took 0 ms.
[INFO ] 2024-12-31 21:26:55.191 [main] Utils - [Utils] MethodGroupsHelper.sortMethods() took 0 ms.
[INFO ] 2024-12-31 21:26:55.191 [main] Utils - [Utils] MethodGroupsHelper.collectMethodsByGroup() took 0 ms.
[INFO ] 2024-12-31 21:26:55.192 [main] Utils - [Utils] MethodGroupsHelper.sortMethods() took 1 ms.
[INFO ] 2024-12-31 21:26:55.192 [main] Utils - [Utils] MethodGroupsHelper.collectMethodsByGroup() took 0 ms.
[INFO ] 2024-12-31 21:26:55.192 [main] Utils - [Utils] MethodGroupsHelper.sortMethods() took 0 ms.
[INFO ] 2024-12-31 21:26:55.192 [main] Utils - [Utils] MethodGroupsHelper.collectMethodsByGroup() took 0 ms.
[INFO ] 2024-12-31 21:26:55.193 [main] Utils - [Utils] MethodGroupsHelper.sortMethods() took 0 ms.
[INFO ] 2024-12-31 21:26:55.193 [main] Utils - [Utils] MethodGroupsHelper.collectMethodsByGroup() took 0 ms.
[INFO ] 2024-12-31 21:26:55.193 [main] Utils - [Utils] MethodGroupsHelper.sortMethods() took 0 ms.
[INFO ] 2024-12-31 21:26:55.193 [main] Utils - [Utils] MethodGroupsHelper.collectMethodsByGroup() took 0 ms.
[INFO ] 2024-12-31 21:26:55.193 [main] Utils - [Utils] MethodGroupsHelper.sortMethods() took 0 ms.
[INFO ] 2024-12-31 21:26:55.194 [main] Utils - [Utils] MethodGroupsHelper.collectMethodsByGroup() took 0 ms.
[INFO ] 2024-12-31 21:26:55.194 [main] Utils - [Utils] MethodGroupsHelper.sortMethods() took 0 ms.
[INFO ] 2024-12-31 21:26:55.195 [main] Utils - [Utils] MethodGroupsHelper.collectMethodsByGroup() took 0 ms.
[INFO ] 2024-12-31 21:26:55.195 [main] Utils - [Utils] MethodGroupsHelper.sortMethods() took 0 ms.
[INFO ] 2024-12-31 21:26:55.195 [main] Utils - [Utils] MethodGroupsHelper.collectMethodsByGroup() took 0 ms.
[INFO ] 2024-12-31 21:26:55.195 [main] Utils - [Utils] MethodGroupsHelper.sortMethods() took 0 ms.
[INFO ] 2024-12-31 21:26:55.195 [main] Utils - [Utils] MethodGroupsHelper.collectMethodsByGroup() took 0 ms.
[INFO ] 2024-12-31 21:26:55.195 [main] Utils - [Utils] MethodGroupsHelper.sortMethods() took 0 ms.
[INFO ] 2024-12-31 21:26:55.196 [main] Utils - [Utils] MethodGroupsHelper.collectMethodsByGroup() took 0 ms.
[INFO ] 2024-12-31 21:26:55.197 [main] Utils - [Utils] MethodGroupsHelper.sortMethods() took 0 ms.
[INFO ] 2024-12-31 21:26:55.198 [main] Utils - [Utils] MethodGroupsHelper.collectMethodsByGroup() took 0 ms.
[INFO ] 2024-12-31 21:26:55.199 [main] Utils - [Utils] MethodGroupsHelper.sortMethods() took 1 ms.
[INFO ] 2024-12-31 21:26:55.200 [main] Utils - [Utils] MethodGroupsHelper.collectMethodsByGroup() took 0 ms.
[INFO ] 2024-12-31 21:26:55.200 [main] Utils - [Utils] MethodGroupsHelper.sortMethods() took 0 ms.
[INFO ] 2024-12-31 21:26:55.200 [main] Utils - [Utils] MethodGroupsHelper.collectMethodsByGroup() took 0 ms.
[INFO ] 2024-12-31 21:26:55.200 [main] Utils - [Utils] MethodGroupsHelper.sortMethods() took 0 ms.
[INFO ] 2024-12-31 21:26:55.201 [main] Utils - [Utils] MethodGroupsHelper.collectMethodsByGroup() took 0 ms.
[INFO ] 2024-12-31 21:26:55.201 [main] Utils - [Utils] MethodGroupsHelper.sortMethods() took 0 ms.
[INFO ] 2024-12-31 21:26:55.201 [main] Utils - [Utils] MethodGroupsHelper.collectMethodsByGroup() took 0 ms.
[INFO ] 2024-12-31 21:26:55.201 [main] Utils - [Utils] MethodGroupsHelper.sortMethods() took 0 ms.
[INFO ] 2024-12-31 21:26:55.202 [main] Utils - [Utils] MethodGroupsHelper.collectMethodsByGroup() took 0 ms.
[INFO ] 2024-12-31 21:26:55.202 [main] Utils - [Utils] MethodGroupsHelper.sortMethods() took 0 ms.
[INFO ] 2024-12-31 21:26:55.202 [main] Utils - [Utils] MethodGroupsHelper.collectMethodsByGroup() took 0 ms.
[INFO ] 2024-12-31 21:26:55.203 [main] Utils - [Utils] MethodGroupsHelper.sortMethods() took 0 ms.
[INFO ] 2024-12-31 21:26:55.203 [main] Utils - [Utils] MethodGroupsHelper.collectMethodsByGroup() took 0 ms.
[INFO ] 2024-12-31 21:26:55.203 [main] Utils - [Utils] MethodGroupsHelper.sortMethods() took 0 ms.
[INFO ] 2024-12-31 21:26:55.204 [main] Utils - [Utils] MethodGroupsHelper.collectMethodsByGroup() took 0 ms.
[INFO ] 2024-12-31 21:26:55.204 [main] Utils - [Utils] MethodGroupsHelper.sortMethods() took 0 ms.
[INFO ] 2024-12-31 21:26:55.205 [main] Utils - [Utils] MethodGroupsHelper.collectMethodsByGroup() took 0 ms.
[INFO ] 2024-12-31 21:26:55.206 [main] Utils - [Utils] MethodGroupsHelper.sortMethods() took 0 ms.
[INFO ] 2024-12-31 21:26:55.207 [main] Utils - [Utils] MethodGroupsHelper.collectMethodsByGroup() took 0 ms.
[INFO ] 2024-12-31 21:26:55.208 [main] Utils - [Utils] MethodGroupsHelper.sortMethods() took 0 ms.
[INFO ] 2024-12-31 21:26:55.208 [main] Utils - [Utils] MethodGroupsHelper.collectMethodsByGroup() took 0 ms.
[INFO ] 2024-12-31 21:26:55.208 [main] Utils - [Utils] MethodGroupsHelper.sortMethods() took 0 ms.
[INFO ] 2024-12-31 21:26:55.208 [main] Utils - [Utils] MethodGroupsHelper.collectMethodsByGroup() took 0 ms.
[INFO ] 2024-12-31 21:26:55.209 [main] Utils - [Utils] MethodGroupsHelper.sortMethods() took 0 ms.
[INFO ] 2024-12-31 21:26:55.209 [main] Utils - [Utils] MethodGroupsHelper.collectMethodsByGroup() took 0 ms.
[INFO ] 2024-12-31 21:26:55.209 [main] Utils - [Utils] MethodGroupsHelper.sortMethods() took 0 ms.
[INFO ] 2024-12-31 21:26:55.209 [main] Utils - [Utils] MethodGroupsHelper.collectMethodsByGroup() took 0 ms.
[INFO ] 2024-12-31 21:26:55.209 [main] Utils - [Utils] MethodGroupsHelper.sortMethods() took 0 ms.
[INFO ] 2024-12-31 21:26:55.213 [main] Utils - [Utils] MethodGroupsHelper.collectMethodsByGroup() took 0 ms.
[INFO ] 2024-12-31 21:26:55.214 [main] Utils - [Utils] MethodGroupsHelper.sortMethods() took 0 ms.
[INFO ] 2024-12-31 21:26:55.214 [main] Utils - [Utils] MethodGroupsHelper.collectMethodsByGroup() took 0 ms.
[INFO ] 2024-12-31 21:26:55.214 [main] Utils - [Utils] MethodGroupsHelper.sortMethods() took 0 ms.
[INFO ] 2024-12-31 21:26:55.217 [main] Utils - [Utils] MethodGroupsHelper.collectMethodsByGroup() took 2 ms.
[INFO ] 2024-12-31 21:26:55.248 [main] Utils - [Utils] MethodGroupsHelper.sortMethods() took 30 ms.
[INFO ] 2024-12-31 21:26:55.250 [main] Utils - [Utils] MethodGroupsHelper.collectMethodsByGroup() took 0 ms.
[INFO ] 2024-12-31 21:26:55.250 [main] Utils - [Utils] MethodGroupsHelper.sortMethods() took 0 ms.
[INFO ] 2024-12-31 21:26:55.250 [main] Utils - [Utils] MethodGroupsHelper.collectMethodsByGroup() took 0 ms.
[INFO ] 2024-12-31 21:26:55.250 [main] Utils - [Utils] MethodGroupsHelper.sortMethods() took 0 ms.
[INFO ] 2024-12-31 21:26:55.255 [main] Utils - [TestNG] Running:
  D:\Selenium Project\E2EFramwork\testng.xml

[INFO ] 2024-12-31 21:26:55.282 [main] Utils - [Utils] DynamicGraphHelper.createDynamicGraph() took 8 ms.
[INFO ] 2024-12-31 21:27:08.653 [main] RegisterTest - --------------Started-------------------
[INFO ] 2024-12-31 21:27:23.044 [main] RegisterTest - --------------FINISHED-------------------
[INFO ] 2024-12-31 21:27:30.723 [main] LoginTestValidCred - --------------Started-------------------
[INFO ] 2024-12-31 21:27:35.441 [main] LoginTestValidCred - --------------FINISHED-------------------
[INFO ] 2024-12-31 21:27:43.400 [main] LoginTestInvalidCred - --------------Started-------------------
[INFO ] 2024-12-31 21:27:46.459 [main] LoginTestInvalidCred - --------------FINISHED-------------------
[INFO ] 2024-12-31 21:27:53.527 [main] LogoutTest - --------------Started-------------------
[INFO ] 2024-12-31 21:27:58.366 [main] LogoutTest - --------------FINISHED-------------------
[INFO ] 2024-12-31 21:28:05.479 [main] RegisterExistingUser - --------------Started-------------------
[INFO ] 2024-12-31 21:28:08.122 [main] RegisterExistingUser - --------------FINISHED-------------------
[INFO ] 2024-12-31 21:28:16.025 [main] ContactusTest - --------------Started-------------------
[INFO ] 2024-12-31 21:28:33.971 [main] ContactusTest - --------------FINISHED-------------------
[INFO ] 2024-12-31 21:28:59.932 [main] ProductTest_SearchBox - --------------Started-------------------
[INFO ] 2024-12-31 21:29:07.365 [main] ProductTest_SearchBox - --------------FINISHED-------------------
[INFO ] 2024-12-31 21:29:15.226 [main] SubscriptionTest - --------------Started-------------------
[INFO ] 2024-12-31 21:29:17.586 [main] SubscriptionTest - --------------FINISHED-------------------
[INFO ] 2024-12-31 21:29:33.725 [main] SubscriptionCartTest - --------------Started-------------------
[INFO ] 2024-12-31 21:29:37.792 [main] SubscriptionCartTest - --------------FINISHED-------------------
[INFO ] 2024-12-31 21:29:39.156 [main] Utils - [TestNG] Time taken by org.testng.internal.ExitCodeListener@674687b3: 0 ms
[INFO ] 2024-12-31 21:34:18.638 [main] Utils - [TestNG] Running:
  D:\Selenium Project\E2EFramwork\testng.xml

[INFO ] 2024-12-31 21:34:25.322 [main] RegisterTest - --------------Started-------------------
[INFO ] 2024-12-31 21:34:39.873 [main] RegisterTest - --------------FINISHED-------------------
[INFO ] 2024-12-31 21:34:47.444 [main] LoginTestValidCred - --------------Started-------------------
[INFO ] 2024-12-31 21:34:50.592 [main] LoginTestValidCred - --------------FINISHED-------------------
[INFO ] 2024-12-31 21:34:56.250 [main] LoginTestInvalidCred - --------------Started-------------------
[INFO ] 2024-12-31 21:35:01.136 [main] LoginTestInvalidCred - --------------FINISHED-------------------
[INFO ] 2024-12-31 21:35:06.939 [main] LogoutTest - --------------Started-------------------
[INFO ] 2024-12-31 21:35:15.195 [main] LogoutTest - --------------FINISHED-------------------
[INFO ] 2024-12-31 21:35:22.344 [main] RegisterExistingUser - --------------Started-------------------
[INFO ] 2024-12-31 21:35:25.245 [main] RegisterExistingUser - --------------FINISHED-------------------
[INFO ] 2024-12-31 21:35:30.770 [main] ContactusTest - --------------Started-------------------
[INFO ] 2024-12-31 21:35:50.835 [main] ContactusTest - --------------FINISHED-------------------
[INFO ] 2024-12-31 21:36:27.543 [main] ProductTest_SearchBox - --------------Started-------------------
[INFO ] 2024-12-31 21:36:31.495 [main] ProductTest_SearchBox - --------------FINISHED-------------------
[INFO ] 2024-12-31 21:36:39.871 [main] SubscriptionTest - --------------Started-------------------
[INFO ] 2024-12-31 21:36:42.300 [main] SubscriptionTest - --------------FINISHED-------------------
[INFO ] 2024-12-31 21:36:49.728 [main] SubscriptionCartTest - --------------Started-------------------
[INFO ] 2024-12-31 21:36:53.541 [main] SubscriptionCartTest - --------------FINISHED-------------------
[INFO ] 2024-12-31 21:56:51.911 [main] Utils - [TestNG] Running:
  D:\Selenium Project\E2EFramwork\testng.xml

[INFO ] 2024-12-31 23:15:50.929 [main] Utils - [TestNG] Running:
  D:\Selenium Project\E2EFramwork\testng.xml

[INFO ] 2024-12-31 23:15:58.604 [main] RegisterTest - --------------Started-------------------
[INFO ] 2024-12-31 23:16:19.277 [main] RegisterTest - --------------FINISHED-------------------
[INFO ] 2024-12-31 23:16:59.395 [main] Utils - [TestNG] Running:
  D:\Selenium Project\E2EFramwork\testng.xml

[INFO ] 2024-12-31 23:17:06.233 [main] RegisterTest - --------------Started-------------------
[INFO ] 2024-12-31 23:17:34.700 [main] RegisterTest - --------------FINISHED-------------------
[INFO ] 2024-12-31 23:18:24.495 [main] Utils - [TestNG] Running:
  D:\Selenium Project\E2EFramwork\testng.xml

[INFO ] 2024-12-31 23:21:16.606 [main] Utils - [TestNG] Running:
  D:\Selenium Project\E2EFramwork\testng.xml

[INFO ] 2024-12-31 23:21:46.230 [main] Utils - [TestNG] Running:
  D:\Selenium Project\E2EFramwork\testng.xml

[INFO ] 2024-12-31 23:21:53.004 [main] RegisterTest - --------------Started-------------------
